Tue Jun 27 15:25:14 EDT 2023
/burg/home/bog2101/.conda/envs/spectralDNS/lib/python3.11/site-packages/shenfun/optimization/numba/chebyshev.py:22: NumbaDeprecationWarning: The 'nopython' keyword argument was not supplied to the 'numba.jit' decorator. The implicit default value for this argument is currently False, but it will be changed to True in Numba 0.59.0. See https://numba.readthedocs.io/en/stable/reference/deprecation.html#deprecation-of-object-mode-fall-back-behaviour-when-using-jit for details.
  @jit
/burg/home/bog2101/.conda/envs/spectralDNS/lib/python3.11/site-packages/shenfun/optimization/numba/chebyshev.py:22: NumbaDeprecationWarning: The 'nopython' keyword argument was not supplied to the 'numba.jit' decorator. The implicit default value for this argument is currently False, but it will be changed to True in Numba 0.59.0. See https://numba.readthedocs.io/en/stable/reference/deprecation.html#deprecation-of-object-mode-fall-back-behaviour-when-using-jit for details.
  @jit
/burg/home/bog2101/.conda/envs/spectralDNS/lib/python3.11/site-packages/shenfun/optimization/numba/chebyshev.py:22: NumbaDeprecationWarning: The 'nopython' keyword argument was not supplied to the 'numba.jit' decorator. The implicit default value for this argument is currently False, but it will be changed to True in Numba 0.59.0. See https://numba.readthedocs.io/en/stable/reference/deprecation.html#deprecation-of-object-mode-fall-back-behaviour-when-using-jit for details.
  @jit
/burg/home/bog2101/.conda/envs/spectralDNS/lib/python3.11/site-packages/shenfun/optimization/numba/chebyshev.py:22: NumbaDeprecationWarning: The 'nopython' keyword argument was not supplied to the 'numba.jit' decorator. The implicit default value for this argument is currently False, but it will be changed to True in Numba 0.59.0. See https://numba.readthedocs.io/en/stable/reference/deprecation.html#deprecation-of-object-mode-fall-back-behaviour-when-using-jit for details.
  @jit
/burg/home/bog2101/.conda/envs/spectralDNS/lib/python3.11/site-packages/shenfun/optimization/numba/chebyshev.py:22: NumbaDeprecationWarning: The 'nopython' keyword argument was not supplied to the 'numba.jit' decorator. The implicit default value for this argument is currently False, but it will be changed to True in Numba 0.59.0. See https://numba.readthedocs.io/en/stable/reference/deprecation.html#deprecation-of-object-mode-fall-back-behaviour-when-using-jit for details.
  @jit
/burg/home/bog2101/.conda/envs/spectralDNS/lib/python3.11/site-packages/shenfun/optimization/numba/chebyshev.py:22: NumbaDeprecationWarning: The 'nopython' keyword argument was not supplied to the 'numba.jit' decorator. The implicit default value for this argument is currently False, but it will be changed to True in Numba 0.59.0. See https://numba.readthedocs.io/en/stable/reference/deprecation.html#deprecation-of-object-mode-fall-back-behaviour-when-using-jit for details.
  @jit
/burg/home/bog2101/.conda/envs/spectralDNS/lib/python3.11/site-packages/shenfun/optimization/numba/chebyshev.py:22: NumbaDeprecationWarning: The 'nopython' keyword argument was not supplied to the 'numba.jit' decorator. The implicit default value for this argument is currently False, but it will be changed to True in Numba 0.59.0. See https://numba.readthedocs.io/en/stable/reference/deprecation.html#deprecation-of-object-mode-fall-back-behaviour-when-using-jit for details.
  @jit
/burg/home/bog2101/.conda/envs/spectralDNS/lib/python3.11/site-packages/shenfun/optimization/numba/chebyshev.py:22: NumbaDeprecationWarning: The 'nopython' keyword argument was not supplied to the 'numba.jit' decorator. The implicit default value for this argument is currently False, but it will be changed to True in Numba 0.59.0. See https://numba.readthedocs.io/en/stable/reference/deprecation.html#deprecation-of-object-mode-fall-back-behaviour-when-using-jit for details.
  @jit
/burg/home/bog2101/.conda/envs/spectralDNS/lib/python3.11/site-packages/shenfun/optimization/numba/chebyshev.py:22: NumbaDeprecationWarning: The 'nopython' keyword argument was not supplied to the 'numba.jit' decorator. The implicit default value for this argument is currently False, but it will be changed to True in Numba 0.59.0. See https://numba.readthedocs.io/en/stable/reference/deprecation.html#deprecation-of-object-mode-fall-back-behaviour-when-using-jit for details.
  @jit
/burg/home/bog2101/.conda/envs/spectralDNS/lib/python3.11/site-packages/shenfun/optimization/numba/chebyshev.py:22: NumbaDeprecationWarning: The 'nopython' keyword argument was not supplied to the 'numba.jit' decorator. The implicit default value for this argument is currently False, but it will be changed to True in Numba 0.59.0. See https://numba.readthedocs.io/en/stable/reference/deprecation.html#deprecation-of-object-mode-fall-back-behaviour-when-using-jit for details.
  @jit
/burg/home/bog2101/.conda/envs/spectralDNS/lib/python3.11/site-packages/shenfun/optimization/numba/chebyshev.py:22: NumbaDeprecationWarning: The 'nopython' keyword argument was not supplied to the 'numba.jit' decorator. The implicit default value for this argument is currently False, but it will be changed to True in Numba 0.59.0. See https://numba.readthedocs.io/en/stable/reference/deprecation.html#deprecation-of-object-mode-fall-back-behaviour-when-using-jit for details.
  @jit
/burg/home/bog2101/.conda/envs/spectralDNS/lib/python3.11/site-packages/shenfun/optimization/numba/chebyshev.py:22: NumbaDeprecationWarning: The 'nopython' keyword argument was not supplied to the 'numba.jit' decorator. The implicit default value for this argument is currently False, but it will be changed to True in Numba 0.59.0. See https://numba.readthedocs.io/en/stable/reference/deprecation.html#deprecation-of-object-mode-fall-back-behaviour-when-using-jit for details.
  @jit
/burg/home/bog2101/.conda/envs/spectralDNS/lib/python3.11/site-packages/shenfun/optimization/numba/chebyshev.py:22: NumbaDeprecationWarning: The 'nopython' keyword argument was not supplied to the 'numba.jit' decorator. The implicit default value for this argument is currently False, but it will be changed to True in Numba 0.59.0. See https://numba.readthedocs.io/en/stable/reference/deprecation.html#deprecation-of-object-mode-fall-back-behaviour-when-using-jit for details.
  @jit
/burg/home/bog2101/.conda/envs/spectralDNS/lib/python3.11/site-packages/shenfun/optimization/numba/chebyshev.py:22: NumbaDeprecationWarning: The 'nopython' keyword argument was not supplied to the 'numba.jit' decorator. The implicit default value for this argument is currently False, but it will be changed to True in Numba 0.59.0. See https://numba.readthedocs.io/en/stable/reference/deprecation.html#deprecation-of-object-mode-fall-back-behaviour-when-using-jit for details.
  @jit
/burg/home/bog2101/.conda/envs/spectralDNS/lib/python3.11/site-packages/shenfun/optimization/numba/chebyshev.py:22: NumbaDeprecationWarning: The 'nopython' keyword argument was not supplied to the 'numba.jit' decorator. The implicit default value for this argument is currently False, but it will be changed to True in Numba 0.59.0. See https://numba.readthedocs.io/en/stable/reference/deprecation.html#deprecation-of-object-mode-fall-back-behaviour-when-using-jit for details.
  @jit
/burg/home/bog2101/.conda/envs/spectralDNS/lib/python3.11/site-packages/shenfun/optimization/numba/chebyshev.py:22: NumbaDeprecationWarning: The 'nopython' keyword argument was not supplied to the 'numba.jit' decorator. The implicit default value for this argument is currently False, but it will be changed to True in Numba 0.59.0. See https://numba.readthedocs.io/en/stable/reference/deprecation.html#deprecation-of-object-mode-fall-back-behaviour-when-using-jit for details.
  @jit
/burg/home/bog2101/.conda/envs/spectralDNS/lib/python3.11/site-packages/shenfun/optimization/numba/chebyshev.py:22: NumbaDeprecationWarning: The 'nopython' keyword argument was not supplied to the 'numba.jit' decorator. The implicit default value for this argument is currently False, but it will be changed to True in Numba 0.59.0. See https://numba.readthedocs.io/en/stable/reference/deprecation.html#deprecation-of-object-mode-fall-back-behaviour-when-using-jit for details.
  @jit
/burg/home/bog2101/.conda/envs/spectralDNS/lib/python3.11/site-packages/shenfun/optimization/numba/chebyshev.py:22: NumbaDeprecationWarning: The 'nopython' keyword argument was not supplied to the 'numba.jit' decorator. The implicit default value for this argument is currently False, but it will be changed to True in Numba 0.59.0. See https://numba.readthedocs.io/en/stable/reference/deprecation.html#deprecation-of-object-mode-fall-back-behaviour-when-using-jit for details.
  @jit
/burg/home/bog2101/.conda/envs/spectralDNS/lib/python3.11/site-packages/shenfun/optimization/numba/chebyshev.py:22: NumbaDeprecationWarning: The 'nopython' keyword argument was not supplied to the 'numba.jit' decorator. The implicit default value for this argument is currently False, but it will be changed to True in Numba 0.59.0. See https://numba.readthedocs.io/en/stable/reference/deprecation.html#deprecation-of-object-mode-fall-back-behaviour-when-using-jit for details.
  @jit
/burg/home/bog2101/.conda/envs/spectralDNS/lib/python3.11/site-packages/shenfun/optimization/numba/chebyshev.py:22: NumbaDeprecationWarning: The 'nopython' keyword argument was not supplied to the 'numba.jit' decorator. The implicit default value for this argument is currently False, but it will be changed to True in Numba 0.59.0. See https://numba.readthedocs.io/en/stable/reference/deprecation.html#deprecation-of-object-mode-fall-back-behaviour-when-using-jit for details.
  @jit
/burg/home/bog2101/.conda/envs/spectralDNS/lib/python3.11/site-packages/shenfun/optimization/numba/chebyshev.py:22: NumbaDeprecationWarning: The 'nopython' keyword argument was not supplied to the 'numba.jit' decorator. The implicit default value for this argument is currently False, but it will be changed to True in Numba 0.59.0. See https://numba.readthedocs.io/en/stable/reference/deprecation.html#deprecation-of-object-mode-fall-back-behaviour-when-using-jit for details.
  @jit
/burg/home/bog2101/.conda/envs/spectralDNS/lib/python3.11/site-packages/shenfun/optimization/numba/chebyshev.py:22: NumbaDeprecationWarning: The 'nopython' keyword argument was not supplied to the 'numba.jit' decorator. The implicit default value for this argument is currently False, but it will be changed to True in Numba 0.59.0. See https://numba.readthedocs.io/en/stable/reference/deprecation.html#deprecation-of-object-mode-fall-back-behaviour-when-using-jit for details.
  @jit
/burg/home/bog2101/.conda/envs/spectralDNS/lib/python3.11/site-packages/shenfun/optimization/numba/chebyshev.py:22: NumbaDeprecationWarning: The 'nopython' keyword argument was not supplied to the 'numba.jit' decorator. The implicit default value for this argument is currently False, but it will be changed to True in Numba 0.59.0. See https://numba.readthedocs.io/en/stable/reference/deprecation.html#deprecation-of-object-mode-fall-back-behaviour-when-using-jit for details.
  @jit
/burg/home/bog2101/.conda/envs/spectralDNS/lib/python3.11/site-packages/shenfun/optimization/numba/chebyshev.py:22: NumbaDeprecationWarning: The 'nopython' keyword argument was not supplied to the 'numba.jit' decorator. The implicit default value for this argument is currently False, but it will be changed to True in Numba 0.59.0. See https://numba.readthedocs.io/en/stable/reference/deprecation.html#deprecation-of-object-mode-fall-back-behaviour-when-using-jit for details.
  @jit
/burg/home/bog2101/.conda/envs/spectralDNS/lib/python3.11/site-packages/shenfun/optimization/numba/chebyshev.py:22: NumbaDeprecationWarning: The 'nopython' keyword argument was not supplied to the 'numba.jit' decorator. The implicit default value for this argument is currently False, but it will be changed to True in Numba 0.59.0. See https://numba.readthedocs.io/en/stable/reference/deprecation.html#deprecation-of-object-mode-fall-back-behaviour-when-using-jit for details.
  @jit
/burg/home/bog2101/.conda/envs/spectralDNS/lib/python3.11/site-packages/shenfun/optimization/numba/chebyshev.py:22: NumbaDeprecationWarning: The 'nopython' keyword argument was not supplied to the 'numba.jit' decorator. The implicit default value for this argument is currently False, but it will be changed to True in Numba 0.59.0. See https://numba.readthedocs.io/en/stable/reference/deprecation.html#deprecation-of-object-mode-fall-back-behaviour-when-using-jit for details.
  @jit
/burg/home/bog2101/.conda/envs/spectralDNS/lib/python3.11/site-packages/shenfun/optimization/numba/chebyshev.py:22: NumbaDeprecationWarning: The 'nopython' keyword argument was not supplied to the 'numba.jit' decorator. The implicit default value for this argument is currently False, but it will be changed to True in Numba 0.59.0. See https://numba.readthedocs.io/en/stable/reference/deprecation.html#deprecation-of-object-mode-fall-back-behaviour-when-using-jit for details.
  @jit
/burg/home/bog2101/.conda/envs/spectralDNS/lib/python3.11/site-packages/shenfun/optimization/numba/chebyshev.py:22: NumbaDeprecationWarning: The 'nopython' keyword argument was not supplied to the 'numba.jit' decorator. The implicit default value for this argument is currently False, but it will be changed to True in Numba 0.59.0. See https://numba.readthedocs.io/en/stable/reference/deprecation.html#deprecation-of-object-mode-fall-back-behaviour-when-using-jit for details.
  @jit
/burg/home/bog2101/.conda/envs/spectralDNS/lib/python3.11/site-packages/shenfun/optimization/numba/chebyshev.py:22: NumbaDeprecationWarning: The 'nopython' keyword argument was not supplied to the 'numba.jit' decorator. The implicit default value for this argument is currently False, but it will be changed to True in Numba 0.59.0. See https://numba.readthedocs.io/en/stable/reference/deprecation.html#deprecation-of-object-mode-fall-back-behaviour-when-using-jit for details.
  @jit
/burg/home/bog2101/.conda/envs/spectralDNS/lib/python3.11/site-packages/shenfun/optimization/numba/chebyshev.py:22: NumbaDeprecationWarning: The 'nopython' keyword argument was not supplied to the 'numba.jit' decorator. The implicit default value for this argument is currently False, but it will be changed to True in Numba 0.59.0. See https://numba.readthedocs.io/en/stable/reference/deprecation.html#deprecation-of-object-mode-fall-back-behaviour-when-using-jit for details.
  @jit
/burg/home/bog2101/.conda/envs/spectralDNS/lib/python3.11/site-packages/shenfun/optimization/numba/chebyshev.py:22: NumbaDeprecationWarning: The 'nopython' keyword argument was not supplied to the 'numba.jit' decorator. The implicit default value for this argument is currently False, but it will be changed to True in Numba 0.59.0. See https://numba.readthedocs.io/en/stable/reference/deprecation.html#deprecation-of-object-mode-fall-back-behaviour-when-using-jit for details.
  @jit
/burg/home/bog2101/.conda/envs/spectralDNS/lib/python3.11/site-packages/shenfun/optimization/numba/chebyshev.py:22: NumbaDeprecationWarning: The 'nopython' keyword argument was not supplied to the 'numba.jit' decorator. The implicit default value for this argument is currently False, but it will be changed to True in Numba 0.59.0. See https://numba.readthedocs.io/en/stable/reference/deprecation.html#deprecation-of-object-mode-fall-back-behaviour-when-using-jit for details.
  @jit
/burg/home/bog2101/.conda/envs/spectralDNS/lib/python3.11/site-packages/shenfun/optimization/numba/__init__.py:201: NumbaDeprecationWarning: The keyword argument 'nopython=False' was supplied. From Numba 0.59.0 the default is being changed to True and use of 'nopython=False' will raise a warning as the argument will have no effect. See https://numba.readthedocs.io/en/stable/reference/deprecation.html#deprecation-of-object-mode-fall-back-behaviour-when-using-jit for details.
  @nb.jit(nopython=False, fastmath=True, cache=True)
/burg/home/bog2101/.conda/envs/spectralDNS/lib/python3.11/site-packages/shenfun/optimization/numba/__init__.py:201: NumbaDeprecationWarning: The keyword argument 'nopython=False' was supplied. From Numba 0.59.0 the default is being changed to True and use of 'nopython=False' will raise a warning as the argument will have no effect. See https://numba.readthedocs.io/en/stable/reference/deprecation.html#deprecation-of-object-mode-fall-back-behaviour-when-using-jit for details.
  @nb.jit(nopython=False, fastmath=True, cache=True)
/burg/home/bog2101/.conda/envs/spectralDNS/lib/python3.11/site-packages/shenfun/optimization/numba/__init__.py:201: NumbaDeprecationWarning: The keyword argument 'nopython=False' was supplied. From Numba 0.59.0 the default is being changed to True and use of 'nopython=False' will raise a warning as the argument will have no effect. See https://numba.readthedocs.io/en/stable/reference/deprecation.html#deprecation-of-object-mode-fall-back-behaviour-when-using-jit for details.
  @nb.jit(nopython=False, fastmath=True, cache=True)
/burg/home/bog2101/.conda/envs/spectralDNS/lib/python3.11/site-packages/shenfun/optimization/numba/__init__.py:201: NumbaDeprecationWarning: The keyword argument 'nopython=False' was supplied. From Numba 0.59.0 the default is being changed to True and use of 'nopython=False' will raise a warning as the argument will have no effect. See https://numba.readthedocs.io/en/stable/reference/deprecation.html#deprecation-of-object-mode-fall-back-behaviour-when-using-jit for details.
  @nb.jit(nopython=False, fastmath=True, cache=True)
/burg/home/bog2101/.conda/envs/spectralDNS/lib/python3.11/site-packages/shenfun/optimization/numba/__init__.py:201: NumbaDeprecationWarning: The keyword argument 'nopython=False' was supplied. From Numba 0.59.0 the default is being changed to True and use of 'nopython=False' will raise a warning as the argument will have no effect. See https://numba.readthedocs.io/en/stable/reference/deprecation.html#deprecation-of-object-mode-fall-back-behaviour-when-using-jit for details.
  @nb.jit(nopython=False, fastmath=True, cache=True)
/burg/home/bog2101/.conda/envs/spectralDNS/lib/python3.11/site-packages/shenfun/optimization/numba/__init__.py:201: NumbaDeprecationWarning: The keyword argument 'nopython=False' was supplied. From Numba 0.59.0 the default is being changed to True and use of 'nopython=False' will raise a warning as the argument will have no effect. See https://numba.readthedocs.io/en/stable/reference/deprecation.html#deprecation-of-object-mode-fall-back-behaviour-when-using-jit for details.
  @nb.jit(nopython=False, fastmath=True, cache=True)
/burg/home/bog2101/.conda/envs/spectralDNS/lib/python3.11/site-packages/shenfun/optimization/numba/__init__.py:201: NumbaDeprecationWarning: The keyword argument 'nopython=False' was supplied. From Numba 0.59.0 the default is being changed to True and use of 'nopython=False' will raise a warning as the argument will have no effect. See https://numba.readthedocs.io/en/stable/reference/deprecation.html#deprecation-of-object-mode-fall-back-behaviour-when-using-jit for details.
  @nb.jit(nopython=False, fastmath=True, cache=True)
/burg/home/bog2101/.conda/envs/spectralDNS/lib/python3.11/site-packages/shenfun/optimization/numba/__init__.py:201: NumbaDeprecationWarning: The keyword argument 'nopython=False' was supplied. From Numba 0.59.0 the default is being changed to True and use of 'nopython=False' will raise a warning as the argument will have no effect. See https://numba.readthedocs.io/en/stable/reference/deprecation.html#deprecation-of-object-mode-fall-back-behaviour-when-using-jit for details.
  @nb.jit(nopython=False, fastmath=True, cache=True)
/burg/home/bog2101/.conda/envs/spectralDNS/lib/python3.11/site-packages/shenfun/optimization/numba/__init__.py:201: NumbaDeprecationWarning: The keyword argument 'nopython=False' was supplied. From Numba 0.59.0 the default is being changed to True and use of 'nopython=False' will raise a warning as the argument will have no effect. See https://numba.readthedocs.io/en/stable/reference/deprecation.html#deprecation-of-object-mode-fall-back-behaviour-when-using-jit for details.
  @nb.jit(nopython=False, fastmath=True, cache=True)
/burg/home/bog2101/.conda/envs/spectralDNS/lib/python3.11/site-packages/shenfun/optimization/numba/__init__.py:201: NumbaDeprecationWarning: The keyword argument 'nopython=False' was supplied. From Numba 0.59.0 the default is being changed to True and use of 'nopython=False' will raise a warning as the argument will have no effect. See https://numba.readthedocs.io/en/stable/reference/deprecation.html#deprecation-of-object-mode-fall-back-behaviour-when-using-jit for details.
  @nb.jit(nopython=False, fastmath=True, cache=True)
/burg/home/bog2101/.conda/envs/spectralDNS/lib/python3.11/site-packages/shenfun/optimization/numba/__init__.py:201: NumbaDeprecationWarning: The keyword argument 'nopython=False' was supplied. From Numba 0.59.0 the default is being changed to True and use of 'nopython=False' will raise a warning as the argument will have no effect. See https://numba.readthedocs.io/en/stable/reference/deprecation.html#deprecation-of-object-mode-fall-back-behaviour-when-using-jit for details.
  @nb.jit(nopython=False, fastmath=True, cache=True)
/burg/home/bog2101/.conda/envs/spectralDNS/lib/python3.11/site-packages/shenfun/optimization/numba/__init__.py:201: NumbaDeprecationWarning: The keyword argument 'nopython=False' was supplied. From Numba 0.59.0 the default is being changed to True and use of 'nopython=False' will raise a warning as the argument will have no effect. See https://numba.readthedocs.io/en/stable/reference/deprecation.html#deprecation-of-object-mode-fall-back-behaviour-when-using-jit for details.
  @nb.jit(nopython=False, fastmath=True, cache=True)
/burg/home/bog2101/.conda/envs/spectralDNS/lib/python3.11/site-packages/shenfun/optimization/numba/__init__.py:201: NumbaDeprecationWarning: The keyword argument 'nopython=False' was supplied. From Numba 0.59.0 the default is being changed to True and use of 'nopython=False' will raise a warning as the argument will have no effect. See https://numba.readthedocs.io/en/stable/reference/deprecation.html#deprecation-of-object-mode-fall-back-behaviour-when-using-jit for details.
  @nb.jit(nopython=False, fastmath=True, cache=True)
/burg/home/bog2101/.conda/envs/spectralDNS/lib/python3.11/site-packages/shenfun/optimization/numba/__init__.py:201: NumbaDeprecationWarning: The keyword argument 'nopython=False' was supplied. From Numba 0.59.0 the default is being changed to True and use of 'nopython=False' will raise a warning as the argument will have no effect. See https://numba.readthedocs.io/en/stable/reference/deprecation.html#deprecation-of-object-mode-fall-back-behaviour-when-using-jit for details.
  @nb.jit(nopython=False, fastmath=True, cache=True)
/burg/home/bog2101/.conda/envs/spectralDNS/lib/python3.11/site-packages/shenfun/optimization/numba/__init__.py:201: NumbaDeprecationWarning: The keyword argument 'nopython=False' was supplied. From Numba 0.59.0 the default is being changed to True and use of 'nopython=False' will raise a warning as the argument will have no effect. See https://numba.readthedocs.io/en/stable/reference/deprecation.html#deprecation-of-object-mode-fall-back-behaviour-when-using-jit for details.
  @nb.jit(nopython=False, fastmath=True, cache=True)
/burg/home/bog2101/.conda/envs/spectralDNS/lib/python3.11/site-packages/shenfun/optimization/numba/__init__.py:201: NumbaDeprecationWarning: The keyword argument 'nopython=False' was supplied. From Numba 0.59.0 the default is being changed to True and use of 'nopython=False' will raise a warning as the argument will have no effect. See https://numba.readthedocs.io/en/stable/reference/deprecation.html#deprecation-of-object-mode-fall-back-behaviour-when-using-jit for details.
  @nb.jit(nopython=False, fastmath=True, cache=True)
/burg/home/bog2101/.conda/envs/spectralDNS/lib/python3.11/site-packages/shenfun/optimization/numba/__init__.py:201: NumbaDeprecationWarning: The keyword argument 'nopython=False' was supplied. From Numba 0.59.0 the default is being changed to True and use of 'nopython=False' will raise a warning as the argument will have no effect. See https://numba.readthedocs.io/en/stable/reference/deprecation.html#deprecation-of-object-mode-fall-back-behaviour-when-using-jit for details.
  @nb.jit(nopython=False, fastmath=True, cache=True)
/burg/home/bog2101/.conda/envs/spectralDNS/lib/python3.11/site-packages/shenfun/optimization/numba/__init__.py:201: NumbaDeprecationWarning: The keyword argument 'nopython=False' was supplied. From Numba 0.59.0 the default is being changed to True and use of 'nopython=False' will raise a warning as the argument will have no effect. See https://numba.readthedocs.io/en/stable/reference/deprecation.html#deprecation-of-object-mode-fall-back-behaviour-when-using-jit for details.
  @nb.jit(nopython=False, fastmath=True, cache=True)
/burg/home/bog2101/.conda/envs/spectralDNS/lib/python3.11/site-packages/shenfun/optimization/numba/__init__.py:201: NumbaDeprecationWarning: The keyword argument 'nopython=False' was supplied. From Numba 0.59.0 the default is being changed to True and use of 'nopython=False' will raise a warning as the argument will have no effect. See https://numba.readthedocs.io/en/stable/reference/deprecation.html#deprecation-of-object-mode-fall-back-behaviour-when-using-jit for details.
  @nb.jit(nopython=False, fastmath=True, cache=True)
/burg/home/bog2101/.conda/envs/spectralDNS/lib/python3.11/site-packages/shenfun/optimization/numba/__init__.py:201: NumbaDeprecationWarning: The keyword argument 'nopython=False' was supplied. From Numba 0.59.0 the default is being changed to True and use of 'nopython=False' will raise a warning as the argument will have no effect. See https://numba.readthedocs.io/en/stable/reference/deprecation.html#deprecation-of-object-mode-fall-back-behaviour-when-using-jit for details.
  @nb.jit(nopython=False, fastmath=True, cache=True)
/burg/home/bog2101/.conda/envs/spectralDNS/lib/python3.11/site-packages/shenfun/optimization/numba/__init__.py:201: NumbaDeprecationWarning: The keyword argument 'nopython=False' was supplied. From Numba 0.59.0 the default is being changed to True and use of 'nopython=False' will raise a warning as the argument will have no effect. See https://numba.readthedocs.io/en/stable/reference/deprecation.html#deprecation-of-object-mode-fall-back-behaviour-when-using-jit for details.
  @nb.jit(nopython=False, fastmath=True, cache=True)
/burg/home/bog2101/.conda/envs/spectralDNS/lib/python3.11/site-packages/shenfun/optimization/numba/__init__.py:201: NumbaDeprecationWarning: The keyword argument 'nopython=False' was supplied. From Numba 0.59.0 the default is being changed to True and use of 'nopython=False' will raise a warning as the argument will have no effect. See https://numba.readthedocs.io/en/stable/reference/deprecation.html#deprecation-of-object-mode-fall-back-behaviour-when-using-jit for details.
  @nb.jit(nopython=False, fastmath=True, cache=True)
/burg/home/bog2101/.conda/envs/spectralDNS/lib/python3.11/site-packages/shenfun/optimization/numba/__init__.py:201: NumbaDeprecationWarning: The keyword argument 'nopython=False' was supplied. From Numba 0.59.0 the default is being changed to True and use of 'nopython=False' will raise a warning as the argument will have no effect. See https://numba.readthedocs.io/en/stable/reference/deprecation.html#deprecation-of-object-mode-fall-back-behaviour-when-using-jit for details.
  @nb.jit(nopython=False, fastmath=True, cache=True)
/burg/home/bog2101/.conda/envs/spectralDNS/lib/python3.11/site-packages/shenfun/optimization/numba/__init__.py:201: NumbaDeprecationWarning: The keyword argument 'nopython=False' was supplied. From Numba 0.59.0 the default is being changed to True and use of 'nopython=False' will raise a warning as the argument will have no effect. See https://numba.readthedocs.io/en/stable/reference/deprecation.html#deprecation-of-object-mode-fall-back-behaviour-when-using-jit for details.
  @nb.jit(nopython=False, fastmath=True, cache=True)
/burg/home/bog2101/.conda/envs/spectralDNS/lib/python3.11/site-packages/shenfun/optimization/numba/__init__.py:201: NumbaDeprecationWarning: The keyword argument 'nopython=False' was supplied. From Numba 0.59.0 the default is being changed to True and use of 'nopython=False' will raise a warning as the argument will have no effect. See https://numba.readthedocs.io/en/stable/reference/deprecation.html#deprecation-of-object-mode-fall-back-behaviour-when-using-jit for details.
  @nb.jit(nopython=False, fastmath=True, cache=True)
/burg/home/bog2101/.conda/envs/spectralDNS/lib/python3.11/site-packages/shenfun/optimization/numba/__init__.py:201: NumbaDeprecationWarning: The keyword argument 'nopython=False' was supplied. From Numba 0.59.0 the default is being changed to True and use of 'nopython=False' will raise a warning as the argument will have no effect. See https://numba.readthedocs.io/en/stable/reference/deprecation.html#deprecation-of-object-mode-fall-back-behaviour-when-using-jit for details.
  @nb.jit(nopython=False, fastmath=True, cache=True)
/burg/home/bog2101/.conda/envs/spectralDNS/lib/python3.11/site-packages/shenfun/optimization/numba/__init__.py:201: NumbaDeprecationWarning: The keyword argument 'nopython=False' was supplied. From Numba 0.59.0 the default is being changed to True and use of 'nopython=False' will raise a warning as the argument will have no effect. See https://numba.readthedocs.io/en/stable/reference/deprecation.html#deprecation-of-object-mode-fall-back-behaviour-when-using-jit for details.
  @nb.jit(nopython=False, fastmath=True, cache=True)
/burg/home/bog2101/.conda/envs/spectralDNS/lib/python3.11/site-packages/shenfun/optimization/numba/__init__.py:201: NumbaDeprecationWarning: The keyword argument 'nopython=False' was supplied. From Numba 0.59.0 the default is being changed to True and use of 'nopython=False' will raise a warning as the argument will have no effect. See https://numba.readthedocs.io/en/stable/reference/deprecation.html#deprecation-of-object-mode-fall-back-behaviour-when-using-jit for details.
  @nb.jit(nopython=False, fastmath=True, cache=True)
/burg/home/bog2101/.conda/envs/spectralDNS/lib/python3.11/site-packages/shenfun/optimization/numba/__init__.py:201: NumbaDeprecationWarning: The keyword argument 'nopython=False' was supplied. From Numba 0.59.0 the default is being changed to True and use of 'nopython=False' will raise a warning as the argument will have no effect. See https://numba.readthedocs.io/en/stable/reference/deprecation.html#deprecation-of-object-mode-fall-back-behaviour-when-using-jit for details.
  @nb.jit(nopython=False, fastmath=True, cache=True)
/burg/home/bog2101/.conda/envs/spectralDNS/lib/python3.11/site-packages/shenfun/optimization/numba/__init__.py:201: NumbaDeprecationWarning: The keyword argument 'nopython=False' was supplied. From Numba 0.59.0 the default is being changed to True and use of 'nopython=False' will raise a warning as the argument will have no effect. See https://numba.readthedocs.io/en/stable/reference/deprecation.html#deprecation-of-object-mode-fall-back-behaviour-when-using-jit for details.
  @nb.jit(nopython=False, fastmath=True, cache=True)
/burg/home/bog2101/.conda/envs/spectralDNS/lib/python3.11/site-packages/shenfun/optimization/numba/__init__.py:201: NumbaDeprecationWarning: The keyword argument 'nopython=False' was supplied. From Numba 0.59.0 the default is being changed to True and use of 'nopython=False' will raise a warning as the argument will have no effect. See https://numba.readthedocs.io/en/stable/reference/deprecation.html#deprecation-of-object-mode-fall-back-behaviour-when-using-jit for details.
  @nb.jit(nopython=False, fastmath=True, cache=True)
/burg/home/bog2101/.conda/envs/spectralDNS/lib/python3.11/site-packages/shenfun/optimization/numba/__init__.py:201: NumbaDeprecationWarning: The keyword argument 'nopython=False' was supplied. From Numba 0.59.0 the default is being changed to True and use of 'nopython=False' will raise a warning as the argument will have no effect. See https://numba.readthedocs.io/en/stable/reference/deprecation.html#deprecation-of-object-mode-fall-back-behaviour-when-using-jit for details.
  @nb.jit(nopython=False, fastmath=True, cache=True)
/burg/home/bog2101/.conda/envs/spectralDNS/lib/python3.11/site-packages/shenfun/optimization/numba/chebyshev.py:22: NumbaDeprecationWarning: The 'nopython' keyword argument was not supplied to the 'numba.jit' decorator. The implicit default value for this argument is currently False, but it will be changed to True in Numba 0.59.0. See https://numba.readthedocs.io/en/stable/reference/deprecation.html#deprecation-of-object-mode-fall-back-behaviour-when-using-jit for details.
  @jit
/burg/home/bog2101/.conda/envs/spectralDNS/lib/python3.11/site-packages/shenfun/optimization/numba/chebyshev.py:22: NumbaDeprecationWarning: The 'nopython' keyword argument was not supplied to the 'numba.jit' decorator. The implicit default value for this argument is currently False, but it will be changed to True in Numba 0.59.0. See https://numba.readthedocs.io/en/stable/reference/deprecation.html#deprecation-of-object-mode-fall-back-behaviour-when-using-jit for details.
  @jit
/burg/home/bog2101/.conda/envs/spectralDNS/lib/python3.11/site-packages/shenfun/optimization/numba/chebyshev.py:22: NumbaDeprecationWarning: The 'nopython' keyword argument was not supplied to the 'numba.jit' decorator. The implicit default value for this argument is currently False, but it will be changed to True in Numba 0.59.0. See https://numba.readthedocs.io/en/stable/reference/deprecation.html#deprecation-of-object-mode-fall-back-behaviour-when-using-jit for details.
  @jit
/burg/home/bog2101/.conda/envs/spectralDNS/lib/python3.11/site-packages/shenfun/optimization/numba/chebyshev.py:22: NumbaDeprecationWarning: The 'nopython' keyword argument was not supplied to the 'numba.jit' decorator. The implicit default value for this argument is currently False, but it will be changed to True in Numba 0.59.0. See https://numba.readthedocs.io/en/stable/reference/deprecation.html#deprecation-of-object-mode-fall-back-behaviour-when-using-jit for details.
  @jit
/burg/home/bog2101/.conda/envs/spectralDNS/lib/python3.11/site-packages/shenfun/optimization/numba/chebyshev.py:22: NumbaDeprecationWarning: The 'nopython' keyword argument was not supplied to the 'numba.jit' decorator. The implicit default value for this argument is currently False, but it will be changed to True in Numba 0.59.0. See https://numba.readthedocs.io/en/stable/reference/deprecation.html#deprecation-of-object-mode-fall-back-behaviour-when-using-jit for details.
  @jit
/burg/home/bog2101/.conda/envs/spectralDNS/lib/python3.11/site-packages/shenfun/optimization/numba/chebyshev.py:22: NumbaDeprecationWarning: The 'nopython' keyword argument was not supplied to the 'numba.jit' decorator. The implicit default value for this argument is currently False, but it will be changed to True in Numba 0.59.0. See https://numba.readthedocs.io/en/stable/reference/deprecation.html#deprecation-of-object-mode-fall-back-behaviour-when-using-jit for details.
  @jit
/burg/home/bog2101/.conda/envs/spectralDNS/lib/python3.11/site-packages/shenfun/optimization/numba/chebyshev.py:22: NumbaDeprecationWarning: The 'nopython' keyword argument was not supplied to the 'numba.jit' decorator. The implicit default value for this argument is currently False, but it will be changed to True in Numba 0.59.0. See https://numba.readthedocs.io/en/stable/reference/deprecation.html#deprecation-of-object-mode-fall-back-behaviour-when-using-jit for details.
  @jit
/burg/home/bog2101/.conda/envs/spectralDNS/lib/python3.11/site-packages/shenfun/optimization/numba/chebyshev.py:22: NumbaDeprecationWarning: The 'nopython' keyword argument was not supplied to the 'numba.jit' decorator. The implicit default value for this argument is currently False, but it will be changed to True in Numba 0.59.0. See https://numba.readthedocs.io/en/stable/reference/deprecation.html#deprecation-of-object-mode-fall-back-behaviour-when-using-jit for details.
  @jit
/burg/home/bog2101/.conda/envs/spectralDNS/lib/python3.11/site-packages/shenfun/optimization/numba/chebyshev.py:22: NumbaDeprecationWarning: The 'nopython' keyword argument was not supplied to the 'numba.jit' decorator. The implicit default value for this argument is currently False, but it will be changed to True in Numba 0.59.0. See https://numba.readthedocs.io/en/stable/reference/deprecation.html#deprecation-of-object-mode-fall-back-behaviour-when-using-jit for details.
  @jit
/burg/home/bog2101/.conda/envs/spectralDNS/lib/python3.11/site-packages/shenfun/optimization/numba/chebyshev.py:22: NumbaDeprecationWarning: The 'nopython' keyword argument was not supplied to the 'numba.jit' decorator. The implicit default value for this argument is currently False, but it will be changed to True in Numba 0.59.0. See https://numba.readthedocs.io/en/stable/reference/deprecation.html#deprecation-of-object-mode-fall-back-behaviour-when-using-jit for details.
  @jit
/burg/home/bog2101/.conda/envs/spectralDNS/lib/python3.11/site-packages/shenfun/optimization/numba/chebyshev.py:22: NumbaDeprecationWarning: The 'nopython' keyword argument was not supplied to the 'numba.jit' decorator. The implicit default value for this argument is currently False, but it will be changed to True in Numba 0.59.0. See https://numba.readthedocs.io/en/stable/reference/deprecation.html#deprecation-of-object-mode-fall-back-behaviour-when-using-jit for details.
  @jit
/burg/home/bog2101/.conda/envs/spectralDNS/lib/python3.11/site-packages/shenfun/optimization/numba/chebyshev.py:22: NumbaDeprecationWarning: The 'nopython' keyword argument was not supplied to the 'numba.jit' decorator. The implicit default value for this argument is currently False, but it will be changed to True in Numba 0.59.0. See https://numba.readthedocs.io/en/stable/reference/deprecation.html#deprecation-of-object-mode-fall-back-behaviour-when-using-jit for details.
  @jit
/burg/home/bog2101/.conda/envs/spectralDNS/lib/python3.11/site-packages/shenfun/optimization/numba/chebyshev.py:22: NumbaDeprecationWarning: The 'nopython' keyword argument was not supplied to the 'numba.jit' decorator. The implicit default value for this argument is currently False, but it will be changed to True in Numba 0.59.0. See https://numba.readthedocs.io/en/stable/reference/deprecation.html#deprecation-of-object-mode-fall-back-behaviour-when-using-jit for details.
  @jit
/burg/home/bog2101/.conda/envs/spectralDNS/lib/python3.11/site-packages/shenfun/optimization/numba/chebyshev.py:22: NumbaDeprecationWarning: The 'nopython' keyword argument was not supplied to the 'numba.jit' decorator. The implicit default value for this argument is currently False, but it will be changed to True in Numba 0.59.0. See https://numba.readthedocs.io/en/stable/reference/deprecation.html#deprecation-of-object-mode-fall-back-behaviour-when-using-jit for details.
  @jit
/burg/home/bog2101/.conda/envs/spectralDNS/lib/python3.11/site-packages/shenfun/optimization/numba/chebyshev.py:22: NumbaDeprecationWarning: The 'nopython' keyword argument was not supplied to the 'numba.jit' decorator. The implicit default value for this argument is currently False, but it will be changed to True in Numba 0.59.0. See https://numba.readthedocs.io/en/stable/reference/deprecation.html#deprecation-of-object-mode-fall-back-behaviour-when-using-jit for details.
  @jit
/burg/home/bog2101/.conda/envs/spectralDNS/lib/python3.11/site-packages/shenfun/optimization/numba/chebyshev.py:22: NumbaDeprecationWarning: The 'nopython' keyword argument was not supplied to the 'numba.jit' decorator. The implicit default value for this argument is currently False, but it will be changed to True in Numba 0.59.0. See https://numba.readthedocs.io/en/stable/reference/deprecation.html#deprecation-of-object-mode-fall-back-behaviour-when-using-jit for details.
  @jit
/burg/home/bog2101/.conda/envs/spectralDNS/lib/python3.11/site-packages/shenfun/optimization/numba/chebyshev.py:22: NumbaDeprecationWarning: The 'nopython' keyword argument was not supplied to the 'numba.jit' decorator. The implicit default value for this argument is currently False, but it will be changed to True in Numba 0.59.0. See https://numba.readthedocs.io/en/stable/reference/deprecation.html#deprecation-of-object-mode-fall-back-behaviour-when-using-jit for details.
  @jit
/burg/home/bog2101/.conda/envs/spectralDNS/lib/python3.11/site-packages/shenfun/optimization/numba/chebyshev.py:22: NumbaDeprecationWarning: The 'nopython' keyword argument was not supplied to the 'numba.jit' decorator. The implicit default value for this argument is currently False, but it will be changed to True in Numba 0.59.0. See https://numba.readthedocs.io/en/stable/reference/deprecation.html#deprecation-of-object-mode-fall-back-behaviour-when-using-jit for details.
  @jit
/burg/home/bog2101/.conda/envs/spectralDNS/lib/python3.11/site-packages/shenfun/optimization/numba/chebyshev.py:22: NumbaDeprecationWarning: The 'nopython' keyword argument was not supplied to the 'numba.jit' decorator. The implicit default value for this argument is currently False, but it will be changed to True in Numba 0.59.0. See https://numba.readthedocs.io/en/stable/reference/deprecation.html#deprecation-of-object-mode-fall-back-behaviour-when-using-jit for details.
  @jit
/burg/home/bog2101/.conda/envs/spectralDNS/lib/python3.11/site-packages/shenfun/optimization/numba/chebyshev.py:22: NumbaDeprecationWarning: The 'nopython' keyword argument was not supplied to the 'numba.jit' decorator. The implicit default value for this argument is currently False, but it will be changed to True in Numba 0.59.0. See https://numba.readthedocs.io/en/stable/reference/deprecation.html#deprecation-of-object-mode-fall-back-behaviour-when-using-jit for details.
  @jit
/burg/home/bog2101/.conda/envs/spectralDNS/lib/python3.11/site-packages/shenfun/optimization/numba/chebyshev.py:22: NumbaDeprecationWarning: The 'nopython' keyword argument was not supplied to the 'numba.jit' decorator. The implicit default value for this argument is currently False, but it will be changed to True in Numba 0.59.0. See https://numba.readthedocs.io/en/stable/reference/deprecation.html#deprecation-of-object-mode-fall-back-behaviour-when-using-jit for details.
  @jit
/burg/home/bog2101/.conda/envs/spectralDNS/lib/python3.11/site-packages/shenfun/optimization/numba/chebyshev.py:22: NumbaDeprecationWarning: The 'nopython' keyword argument was not supplied to the 'numba.jit' decorator. The implicit default value for this argument is currently False, but it will be changed to True in Numba 0.59.0. See https://numba.readthedocs.io/en/stable/reference/deprecation.html#deprecation-of-object-mode-fall-back-behaviour-when-using-jit for details.
  @jit
/burg/home/bog2101/.conda/envs/spectralDNS/lib/python3.11/site-packages/shenfun/optimization/numba/chebyshev.py:22: NumbaDeprecationWarning: The 'nopython' keyword argument was not supplied to the 'numba.jit' decorator. The implicit default value for this argument is currently False, but it will be changed to True in Numba 0.59.0. See https://numba.readthedocs.io/en/stable/reference/deprecation.html#deprecation-of-object-mode-fall-back-behaviour-when-using-jit for details.
  @jit
/burg/home/bog2101/.conda/envs/spectralDNS/lib/python3.11/site-packages/shenfun/optimization/numba/chebyshev.py:22: NumbaDeprecationWarning: The 'nopython' keyword argument was not supplied to the 'numba.jit' decorator. The implicit default value for this argument is currently False, but it will be changed to True in Numba 0.59.0. See https://numba.readthedocs.io/en/stable/reference/deprecation.html#deprecation-of-object-mode-fall-back-behaviour-when-using-jit for details.
  @jit
/burg/home/bog2101/.conda/envs/spectralDNS/lib/python3.11/site-packages/shenfun/optimization/numba/chebyshev.py:22: NumbaDeprecationWarning: The 'nopython' keyword argument was not supplied to the 'numba.jit' decorator. The implicit default value for this argument is currently False, but it will be changed to True in Numba 0.59.0. See https://numba.readthedocs.io/en/stable/reference/deprecation.html#deprecation-of-object-mode-fall-back-behaviour-when-using-jit for details.
  @jit
/burg/home/bog2101/.conda/envs/spectralDNS/lib/python3.11/site-packages/shenfun/optimization/numba/chebyshev.py:22: NumbaDeprecationWarning: The 'nopython' keyword argument was not supplied to the 'numba.jit' decorator. The implicit default value for this argument is currently False, but it will be changed to True in Numba 0.59.0. See https://numba.readthedocs.io/en/stable/reference/deprecation.html#deprecation-of-object-mode-fall-back-behaviour-when-using-jit for details.
  @jit
/burg/home/bog2101/.conda/envs/spectralDNS/lib/python3.11/site-packages/shenfun/optimization/numba/chebyshev.py:22: NumbaDeprecationWarning: The 'nopython' keyword argument was not supplied to the 'numba.jit' decorator. The implicit default value for this argument is currently False, but it will be changed to True in Numba 0.59.0. See https://numba.readthedocs.io/en/stable/reference/deprecation.html#deprecation-of-object-mode-fall-back-behaviour-when-using-jit for details.
  @jit
/burg/home/bog2101/.conda/envs/spectralDNS/lib/python3.11/site-packages/shenfun/optimization/numba/chebyshev.py:22: NumbaDeprecationWarning: The 'nopython' keyword argument was not supplied to the 'numba.jit' decorator. The implicit default value for this argument is currently False, but it will be changed to True in Numba 0.59.0. See https://numba.readthedocs.io/en/stable/reference/deprecation.html#deprecation-of-object-mode-fall-back-behaviour-when-using-jit for details.
  @jit
/burg/home/bog2101/.conda/envs/spectralDNS/lib/python3.11/site-packages/shenfun/optimization/numba/chebyshev.py:22: NumbaDeprecationWarning: The 'nopython' keyword argument was not supplied to the 'numba.jit' decorator. The implicit default value for this argument is currently False, but it will be changed to True in Numba 0.59.0. See https://numba.readthedocs.io/en/stable/reference/deprecation.html#deprecation-of-object-mode-fall-back-behaviour-when-using-jit for details.
  @jit
/burg/home/bog2101/.conda/envs/spectralDNS/lib/python3.11/site-packages/shenfun/optimization/numba/chebyshev.py:22: NumbaDeprecationWarning: The 'nopython' keyword argument was not supplied to the 'numba.jit' decorator. The implicit default value for this argument is currently False, but it will be changed to True in Numba 0.59.0. See https://numba.readthedocs.io/en/stable/reference/deprecation.html#deprecation-of-object-mode-fall-back-behaviour-when-using-jit for details.
  @jit
/burg/home/bog2101/.conda/envs/spectralDNS/lib/python3.11/site-packages/shenfun/optimization/numba/chebyshev.py:22: NumbaDeprecationWarning: The 'nopython' keyword argument was not supplied to the 'numba.jit' decorator. The implicit default value for this argument is currently False, but it will be changed to True in Numba 0.59.0. See https://numba.readthedocs.io/en/stable/reference/deprecation.html#deprecation-of-object-mode-fall-back-behaviour-when-using-jit for details.
  @jit
/burg/home/bog2101/.conda/envs/spectralDNS/lib/python3.11/site-packages/shenfun/optimization/numba/chebyshev.py:22: NumbaDeprecationWarning: The 'nopython' keyword argument was not supplied to the 'numba.jit' decorator. The implicit default value for this argument is currently False, but it will be changed to True in Numba 0.59.0. See https://numba.readthedocs.io/en/stable/reference/deprecation.html#deprecation-of-object-mode-fall-back-behaviour-when-using-jit for details.
  @jit
/burg/home/bog2101/.conda/envs/spectralDNS/lib/python3.11/site-packages/shenfun/optimization/numba/__init__.py:201: NumbaDeprecationWarning: The keyword argument 'nopython=False' was supplied. From Numba 0.59.0 the default is being changed to True and use of 'nopython=False' will raise a warning as the argument will have no effect. See https://numba.readthedocs.io/en/stable/reference/deprecation.html#deprecation-of-object-mode-fall-back-behaviour-when-using-jit for details.
  @nb.jit(nopython=False, fastmath=True, cache=True)
/burg/home/bog2101/.conda/envs/spectralDNS/lib/python3.11/site-packages/shenfun/optimization/numba/__init__.py:201: NumbaDeprecationWarning: The keyword argument 'nopython=False' was supplied. From Numba 0.59.0 the default is being changed to True and use of 'nopython=False' will raise a warning as the argument will have no effect. See https://numba.readthedocs.io/en/stable/reference/deprecation.html#deprecation-of-object-mode-fall-back-behaviour-when-using-jit for details.
  @nb.jit(nopython=False, fastmath=True, cache=True)
/burg/home/bog2101/.conda/envs/spectralDNS/lib/python3.11/site-packages/shenfun/optimization/numba/__init__.py:201: NumbaDeprecationWarning: The keyword argument 'nopython=False' was supplied. From Numba 0.59.0 the default is being changed to True and use of 'nopython=False' will raise a warning as the argument will have no effect. See https://numba.readthedocs.io/en/stable/reference/deprecation.html#deprecation-of-object-mode-fall-back-behaviour-when-using-jit for details.
  @nb.jit(nopython=False, fastmath=True, cache=True)
/burg/home/bog2101/.conda/envs/spectralDNS/lib/python3.11/site-packages/shenfun/optimization/numba/__init__.py:201: NumbaDeprecationWarning: The keyword argument 'nopython=False' was supplied. From Numba 0.59.0 the default is being changed to True and use of 'nopython=False' will raise a warning as the argument will have no effect. See https://numba.readthedocs.io/en/stable/reference/deprecation.html#deprecation-of-object-mode-fall-back-behaviour-when-using-jit for details.
  @nb.jit(nopython=False, fastmath=True, cache=True)
/burg/home/bog2101/.conda/envs/spectralDNS/lib/python3.11/site-packages/shenfun/optimization/numba/__init__.py:201: NumbaDeprecationWarning: The keyword argument 'nopython=False' was supplied. From Numba 0.59.0 the default is being changed to True and use of 'nopython=False' will raise a warning as the argument will have no effect. See https://numba.readthedocs.io/en/stable/reference/deprecation.html#deprecation-of-object-mode-fall-back-behaviour-when-using-jit for details.
  @nb.jit(nopython=False, fastmath=True, cache=True)
/burg/home/bog2101/.conda/envs/spectralDNS/lib/python3.11/site-packages/shenfun/optimization/numba/__init__.py:201: NumbaDeprecationWarning: The keyword argument 'nopython=False' was supplied. From Numba 0.59.0 the default is being changed to True and use of 'nopython=False' will raise a warning as the argument will have no effect. See https://numba.readthedocs.io/en/stable/reference/deprecation.html#deprecation-of-object-mode-fall-back-behaviour-when-using-jit for details.
  @nb.jit(nopython=False, fastmath=True, cache=True)
/burg/home/bog2101/.conda/envs/spectralDNS/lib/python3.11/site-packages/shenfun/optimization/numba/__init__.py:201: NumbaDeprecationWarning: The keyword argument 'nopython=False' was supplied. From Numba 0.59.0 the default is being changed to True and use of 'nopython=False' will raise a warning as the argument will have no effect. See https://numba.readthedocs.io/en/stable/reference/deprecation.html#deprecation-of-object-mode-fall-back-behaviour-when-using-jit for details.
  @nb.jit(nopython=False, fastmath=True, cache=True)
/burg/home/bog2101/.conda/envs/spectralDNS/lib/python3.11/site-packages/shenfun/optimization/numba/__init__.py:201: NumbaDeprecationWarning: The keyword argument 'nopython=False' was supplied. From Numba 0.59.0 the default is being changed to True and use of 'nopython=False' will raise a warning as the argument will have no effect. See https://numba.readthedocs.io/en/stable/reference/deprecation.html#deprecation-of-object-mode-fall-back-behaviour-when-using-jit for details.
  @nb.jit(nopython=False, fastmath=True, cache=True)
/burg/home/bog2101/.conda/envs/spectralDNS/lib/python3.11/site-packages/shenfun/optimization/numba/__init__.py:201: NumbaDeprecationWarning: The keyword argument 'nopython=False' was supplied. From Numba 0.59.0 the default is being changed to True and use of 'nopython=False' will raise a warning as the argument will have no effect. See https://numba.readthedocs.io/en/stable/reference/deprecation.html#deprecation-of-object-mode-fall-back-behaviour-when-using-jit for details.
  @nb.jit(nopython=False, fastmath=True, cache=True)
/burg/home/bog2101/.conda/envs/spectralDNS/lib/python3.11/site-packages/shenfun/optimization/numba/__init__.py:201: NumbaDeprecationWarning: The keyword argument 'nopython=False' was supplied. From Numba 0.59.0 the default is being changed to True and use of 'nopython=False' will raise a warning as the argument will have no effect. See https://numba.readthedocs.io/en/stable/reference/deprecation.html#deprecation-of-object-mode-fall-back-behaviour-when-using-jit for details.
  @nb.jit(nopython=False, fastmath=True, cache=True)
/burg/home/bog2101/.conda/envs/spectralDNS/lib/python3.11/site-packages/shenfun/optimization/numba/__init__.py:201: NumbaDeprecationWarning: The keyword argument 'nopython=False' was supplied. From Numba 0.59.0 the default is being changed to True and use of 'nopython=False' will raise a warning as the argument will have no effect. See https://numba.readthedocs.io/en/stable/reference/deprecation.html#deprecation-of-object-mode-fall-back-behaviour-when-using-jit for details.
  @nb.jit(nopython=False, fastmath=True, cache=True)
/burg/home/bog2101/.conda/envs/spectralDNS/lib/python3.11/site-packages/shenfun/optimization/numba/__init__.py:201: NumbaDeprecationWarning: The keyword argument 'nopython=False' was supplied. From Numba 0.59.0 the default is being changed to True and use of 'nopython=False' will raise a warning as the argument will have no effect. See https://numba.readthedocs.io/en/stable/reference/deprecation.html#deprecation-of-object-mode-fall-back-behaviour-when-using-jit for details.
  @nb.jit(nopython=False, fastmath=True, cache=True)
/burg/home/bog2101/.conda/envs/spectralDNS/lib/python3.11/site-packages/shenfun/optimization/numba/__init__.py:201: NumbaDeprecationWarning: The keyword argument 'nopython=False' was supplied. From Numba 0.59.0 the default is being changed to True and use of 'nopython=False' will raise a warning as the argument will have no effect. See https://numba.readthedocs.io/en/stable/reference/deprecation.html#deprecation-of-object-mode-fall-back-behaviour-when-using-jit for details.
  @nb.jit(nopython=False, fastmath=True, cache=True)
/burg/home/bog2101/.conda/envs/spectralDNS/lib/python3.11/site-packages/shenfun/optimization/numba/__init__.py:201: NumbaDeprecationWarning: The keyword argument 'nopython=False' was supplied. From Numba 0.59.0 the default is being changed to True and use of 'nopython=False' will raise a warning as the argument will have no effect. See https://numba.readthedocs.io/en/stable/reference/deprecation.html#deprecation-of-object-mode-fall-back-behaviour-when-using-jit for details.
  @nb.jit(nopython=False, fastmath=True, cache=True)
/burg/home/bog2101/.conda/envs/spectralDNS/lib/python3.11/site-packages/shenfun/optimization/numba/__init__.py:201: NumbaDeprecationWarning: The keyword argument 'nopython=False' was supplied. From Numba 0.59.0 the default is being changed to True and use of 'nopython=False' will raise a warning as the argument will have no effect. See https://numba.readthedocs.io/en/stable/reference/deprecation.html#deprecation-of-object-mode-fall-back-behaviour-when-using-jit for details.
  @nb.jit(nopython=False, fastmath=True, cache=True)
/burg/home/bog2101/.conda/envs/spectralDNS/lib/python3.11/site-packages/shenfun/optimization/numba/__init__.py:201: NumbaDeprecationWarning: The keyword argument 'nopython=False' was supplied. From Numba 0.59.0 the default is being changed to True and use of 'nopython=False' will raise a warning as the argument will have no effect. See https://numba.readthedocs.io/en/stable/reference/deprecation.html#deprecation-of-object-mode-fall-back-behaviour-when-using-jit for details.
  @nb.jit(nopython=False, fastmath=True, cache=True)
/burg/home/bog2101/.conda/envs/spectralDNS/lib/python3.11/site-packages/shenfun/optimization/numba/__init__.py:201: NumbaDeprecationWarning: The keyword argument 'nopython=False' was supplied. From Numba 0.59.0 the default is being changed to True and use of 'nopython=False' will raise a warning as the argument will have no effect. See https://numba.readthedocs.io/en/stable/reference/deprecation.html#deprecation-of-object-mode-fall-back-behaviour-when-using-jit for details.
  @nb.jit(nopython=False, fastmath=True, cache=True)
/burg/home/bog2101/.conda/envs/spectralDNS/lib/python3.11/site-packages/shenfun/optimization/numba/__init__.py:201: NumbaDeprecationWarning: The keyword argument 'nopython=False' was supplied. From Numba 0.59.0 the default is being changed to True and use of 'nopython=False' will raise a warning as the argument will have no effect. See https://numba.readthedocs.io/en/stable/reference/deprecation.html#deprecation-of-object-mode-fall-back-behaviour-when-using-jit for details.
  @nb.jit(nopython=False, fastmath=True, cache=True)
/burg/home/bog2101/.conda/envs/spectralDNS/lib/python3.11/site-packages/shenfun/optimization/numba/__init__.py:201: NumbaDeprecationWarning: The keyword argument 'nopython=False' was supplied. From Numba 0.59.0 the default is being changed to True and use of 'nopython=False' will raise a warning as the argument will have no effect. See https://numba.readthedocs.io/en/stable/reference/deprecation.html#deprecation-of-object-mode-fall-back-behaviour-when-using-jit for details.
  @nb.jit(nopython=False, fastmath=True, cache=True)
/burg/home/bog2101/.conda/envs/spectralDNS/lib/python3.11/site-packages/shenfun/optimization/numba/__init__.py:201: NumbaDeprecationWarning: The keyword argument 'nopython=False' was supplied. From Numba 0.59.0 the default is being changed to True and use of 'nopython=False' will raise a warning as the argument will have no effect. See https://numba.readthedocs.io/en/stable/reference/deprecation.html#deprecation-of-object-mode-fall-back-behaviour-when-using-jit for details.
  @nb.jit(nopython=False, fastmath=True, cache=True)
/burg/home/bog2101/.conda/envs/spectralDNS/lib/python3.11/site-packages/shenfun/optimization/numba/__init__.py:201: NumbaDeprecationWarning: The keyword argument 'nopython=False' was supplied. From Numba 0.59.0 the default is being changed to True and use of 'nopython=False' will raise a warning as the argument will have no effect. See https://numba.readthedocs.io/en/stable/reference/deprecation.html#deprecation-of-object-mode-fall-back-behaviour-when-using-jit for details.
  @nb.jit(nopython=False, fastmath=True, cache=True)
/burg/home/bog2101/.conda/envs/spectralDNS/lib/python3.11/site-packages/shenfun/optimization/numba/__init__.py:201: NumbaDeprecationWarning: The keyword argument 'nopython=False' was supplied. From Numba 0.59.0 the default is being changed to True and use of 'nopython=False' will raise a warning as the argument will have no effect. See https://numba.readthedocs.io/en/stable/reference/deprecation.html#deprecation-of-object-mode-fall-back-behaviour-when-using-jit for details.
  @nb.jit(nopython=False, fastmath=True, cache=True)
/burg/home/bog2101/.conda/envs/spectralDNS/lib/python3.11/site-packages/shenfun/optimization/numba/__init__.py:201: NumbaDeprecationWarning: The keyword argument 'nopython=False' was supplied. From Numba 0.59.0 the default is being changed to True and use of 'nopython=False' will raise a warning as the argument will have no effect. See https://numba.readthedocs.io/en/stable/reference/deprecation.html#deprecation-of-object-mode-fall-back-behaviour-when-using-jit for details.
  @nb.jit(nopython=False, fastmath=True, cache=True)
/burg/home/bog2101/.conda/envs/spectralDNS/lib/python3.11/site-packages/shenfun/optimization/numba/__init__.py:201: NumbaDeprecationWarning: The keyword argument 'nopython=False' was supplied. From Numba 0.59.0 the default is being changed to True and use of 'nopython=False' will raise a warning as the argument will have no effect. See https://numba.readthedocs.io/en/stable/reference/deprecation.html#deprecation-of-object-mode-fall-back-behaviour-when-using-jit for details.
  @nb.jit(nopython=False, fastmath=True, cache=True)
/burg/home/bog2101/.conda/envs/spectralDNS/lib/python3.11/site-packages/shenfun/optimization/numba/__init__.py:201: NumbaDeprecationWarning: The keyword argument 'nopython=False' was supplied. From Numba 0.59.0 the default is being changed to True and use of 'nopython=False' will raise a warning as the argument will have no effect. See https://numba.readthedocs.io/en/stable/reference/deprecation.html#deprecation-of-object-mode-fall-back-behaviour-when-using-jit for details.
  @nb.jit(nopython=False, fastmath=True, cache=True)
/burg/home/bog2101/.conda/envs/spectralDNS/lib/python3.11/site-packages/shenfun/optimization/numba/__init__.py:201: NumbaDeprecationWarning: The keyword argument 'nopython=False' was supplied. From Numba 0.59.0 the default is being changed to True and use of 'nopython=False' will raise a warning as the argument will have no effect. See https://numba.readthedocs.io/en/stable/reference/deprecation.html#deprecation-of-object-mode-fall-back-behaviour-when-using-jit for details.
  @nb.jit(nopython=False, fastmath=True, cache=True)
/burg/home/bog2101/.conda/envs/spectralDNS/lib/python3.11/site-packages/shenfun/optimization/numba/__init__.py:201: NumbaDeprecationWarning: The keyword argument 'nopython=False' was supplied. From Numba 0.59.0 the default is being changed to True and use of 'nopython=False' will raise a warning as the argument will have no effect. See https://numba.readthedocs.io/en/stable/reference/deprecation.html#deprecation-of-object-mode-fall-back-behaviour-when-using-jit for details.
  @nb.jit(nopython=False, fastmath=True, cache=True)
/burg/home/bog2101/.conda/envs/spectralDNS/lib/python3.11/site-packages/shenfun/optimization/numba/__init__.py:201: NumbaDeprecationWarning: The keyword argument 'nopython=False' was supplied. From Numba 0.59.0 the default is being changed to True and use of 'nopython=False' will raise a warning as the argument will have no effect. See https://numba.readthedocs.io/en/stable/reference/deprecation.html#deprecation-of-object-mode-fall-back-behaviour-when-using-jit for details.
  @nb.jit(nopython=False, fastmath=True, cache=True)
/burg/home/bog2101/.conda/envs/spectralDNS/lib/python3.11/site-packages/shenfun/optimization/numba/__init__.py:201: NumbaDeprecationWarning: The keyword argument 'nopython=False' was supplied. From Numba 0.59.0 the default is being changed to True and use of 'nopython=False' will raise a warning as the argument will have no effect. See https://numba.readthedocs.io/en/stable/reference/deprecation.html#deprecation-of-object-mode-fall-back-behaviour-when-using-jit for details.
  @nb.jit(nopython=False, fastmath=True, cache=True)
/burg/home/bog2101/.conda/envs/spectralDNS/lib/python3.11/site-packages/shenfun/optimization/numba/__init__.py:201: NumbaDeprecationWarning: The keyword argument 'nopython=False' was supplied. From Numba 0.59.0 the default is being changed to True and use of 'nopython=False' will raise a warning as the argument will have no effect. See https://numba.readthedocs.io/en/stable/reference/deprecation.html#deprecation-of-object-mode-fall-back-behaviour-when-using-jit for details.
  @nb.jit(nopython=False, fastmath=True, cache=True)
/burg/home/bog2101/.conda/envs/spectralDNS/lib/python3.11/site-packages/shenfun/optimization/numba/__init__.py:201: NumbaDeprecationWarning: The keyword argument 'nopython=False' was supplied. From Numba 0.59.0 the default is being changed to True and use of 'nopython=False' will raise a warning as the argument will have no effect. See https://numba.readthedocs.io/en/stable/reference/deprecation.html#deprecation-of-object-mode-fall-back-behaviour-when-using-jit for details.
  @nb.jit(nopython=False, fastmath=True, cache=True)
/burg/home/bog2101/.conda/envs/spectralDNS/lib/python3.11/site-packages/shenfun/optimization/numba/__init__.py:201: NumbaDeprecationWarning: The keyword argument 'nopython=False' was supplied. From Numba 0.59.0 the default is being changed to True and use of 'nopython=False' will raise a warning as the argument will have no effect. See https://numba.readthedocs.io/en/stable/reference/deprecation.html#deprecation-of-object-mode-fall-back-behaviour-when-using-jit for details.
  @nb.jit(nopython=False, fastmath=True, cache=True)
