Tue Jun 27 15:41:14 EDT 2023
1.0055729292622415e-06 3.607556634238279e-06
u2b2_0100.png
7.043699132083981e-10 0.059154066076609405
u2b2_1000.png
7.230599229815912e-10 0.044437744557353026
u2b2_1100.png
1.2897350276743195e-10 0.050430088707155346
u2b2_1200.png
3.0413716393455744e-10 0.14028842844493764
u2b2_1300.png
1.1344834413362954e-10 0.22688309197640597
u2b2_1400.png
7.424081399399472e-10 0.45751820634149687
u2b2_1500.png
9.3760914529697e-10 0.368202033425833
u2b2_1600.png
4.06024863781695e-09 0.6872772061174516
u2b2_1700.png
4.997091752180764e-09 0.738059778468009
u2b2_1800.png
9.566273430372579e-09 1.340003069534561
u2b2_1900.png
6.127484396498218e-07 6.524439108248221e-06
u2b2_0200.png
1.4595345123446456e-08 2.6374537666378
u2b2_2000.png
4.876900835448454e-08 2.926444130985983
u2b2_2100.png
7.144639839791305e-08 1.410715388892294
u2b2_2200.png
6.351254363658748e-08 1.436263111074185
u2b2_2300.png
1.3898183387363685e-07 4.419474772692395
u2b2_2400.png
1.519021470250889e-07 3.502250441371223
u2b2_2500.png
2.2914537619570457e-07 2.0668846684450104
u2b2_2600.png
3.9993758672994705e-07 2.8688741615511617
u2b2_2700.png
1.4674354239128482e-07 2.558136692613571
u2b2_2800.png
1.103130455754066e-07 3.0179380630069303
u2b2_2900.png
4.6638879844011283e-07 1.0751120069333102e-05
u2b2_0300.png
1.2870882625871912e-07 2.249985023125283
u2b2_3000.png
9.940549030477756e-08 3.525479836472162
u2b2_3100.png
8.754395351288218e-08 3.1684211261997266
u2b2_3200.png
1.5568532902515922e-07 2.141472879549921
u2b2_3300.png
9.506305430718151e-08 3.0310838330056415
u2b2_3400.png
2.2578385341248104e-07 2.672832973972963
u2b2_3500.png
2.1377133150759476e-07 2.7924077960198748
u2b2_3600.png
5.311502987365551e-07 3.285665078153024
u2b2_3700.png
1.8962609475518988e-07 2.8275508758163146
u2b2_3800.png
1.6177410488410166e-07 2.975666796624843
u2b2_3900.png
4.2177629562988823e-07 2.236467091355811e-05
u2b2_0400.png
9.519545148428052e-08 2.3810381926941484
u2b2_4000.png
8.868518341432313e-08 2.089043913838942
u2b2_4100.png
1.3082934140140693e-07 1.6178902337272028
u2b2_4200.png
1.5331428612249012e-07 1.5672356269351846
u2b2_4300.png
2.2711473074901703e-07 1.5568147752714572
u2b2_4400.png
8.80414865264026e-08 1.5991734431232312
u2b2_4500.png
1.5350586602429017e-07 2.6224513035668
u2b2_4600.png
3.684992179075504e-07 3.3127028920094603
u2b2_4700.png
7.476529294348673e-08 2.430428712017135
u2b2_4800.png
1.1812598688871227e-08 1.9040317715339514
u2b2_4900.png
3.7572826931446655e-07 5.369557275117426e-05
u2b2_0500.png
8.267166855981572e-08 1.3182673175691724
u2b2_5000.png
2.2250318810879607e-07 0.00012791913520505518
u2b2_0600.png
6.457673141698748e-08 0.0006865414740841571
u2b2_0700.png
5.21572413471045e-09 0.007893389768080591
u2b2_0800.png
2.752703514407533e-10 0.055575366261216744
u2b2_0900.png
Tue Jun 27 15:42:42 EDT 2023
