Tue Jun 27 17:19:14 EDT 2023
1.8519747808498817e-06 2.099344682613702e-06
u2b2_0010.png
1.0003497103276113e-06 3.5730863212859392e-06
u2b2_0100.png
1.8351871529389825e-10 0.012501794575108518
u2b2_1000.png
7.324811126725541e-10 0.01751575481715126
u2b2_1010.png
1.4356785935856045e-10 0.020484721835719234
u2b2_1020.png
3.027806833107995e-10 0.018441863178699013
u2b2_1030.png
2.3162260285469234e-10 0.023596154233262265
u2b2_1040.png
4.115035375101155e-10 0.025297861351389214
u2b2_1050.png
5.000120528836268e-10 0.023450119141261244
u2b2_1060.png
2.6101541260983473e-10 0.0244505262419658
u2b2_1070.png
3.932639161062775e-10 0.024498294570344383
u2b2_1080.png
4.637568102726082e-10 0.024646829742625685
u2b2_1090.png
9.471587371566931e-07 3.7559309611203218e-06
u2b2_0110.png
5.2537543030071774e-11 0.02886334379745397
u2b2_1100.png
1.8754882960008531e-10 0.025964901558031807
u2b2_1110.png
5.209756873788427e-10 0.02848974826084774
u2b2_1120.png
6.520442807689575e-10 0.030101760564766943
u2b2_1130.png
3.278855765012608e-10 0.029367887043760997
u2b2_1140.png
8.385025075193468e-11 0.027381574757681968
u2b2_1150.png
9.552000706756508e-11 0.027936568974905814
u2b2_1160.png
4.253543325081853e-10 0.022852584239159018
u2b2_1170.png
2.2263932934437333e-11 0.024614380238743395
u2b2_1180.png
3.600306175762084e-10 0.045894361353321575
u2b2_1190.png
9.010147577319272e-07 4.104818467406364e-06
u2b2_0120.png
3.1101062452243517e-10 0.08152172901413264
u2b2_1200.png
8.37674685716238e-11 0.07700171692429662
u2b2_1210.png
2.2478152112200182e-10 0.11964192086334205
u2b2_1220.png
1.6444004556372862e-10 0.1796745108245085
u2b2_1230.png
8.37668769700996e-12 0.13248614867808284
u2b2_1240.png
6.419680205065892e-11 0.1507687025878194
u2b2_1250.png
1.680163123935081e-10 0.2089282340977523
u2b2_1260.png
5.63005053246845e-11 0.1740798384218293
u2b2_1270.png
4.527618155607741e-10 0.16583634475111683
u2b2_1280.png
5.6304749140836014e-11 0.22877232158436497
u2b2_1290.png
8.594415292191359e-07 4.21701672055615e-06
u2b2_0130.png
1.1601775042550487e-10 0.1985261851996432
u2b2_1300.png
2.780323023977871e-10 0.5236457473224668
u2b2_1310.png
4.1284732618092254e-10 0.472311657778185
u2b2_1320.png
2.286366719217874e-10 0.7549974191767856
u2b2_1330.png
3.062299348656423e-10 0.7876523653064994
u2b2_1340.png
2.5030164761418567e-10 1.0833813115262432
u2b2_1350.png
7.129696888563982e-11 0.8485439572517282
u2b2_1360.png
2.2068841977522435e-10 0.6481493772595351
u2b2_1370.png
2.3524407624313806e-10 0.6431200222776957
u2b2_1380.png
4.685179668101734e-10 0.7283548771907157
u2b2_1390.png
8.225611368049104e-07 4.538217695366186e-06
u2b2_0140.png
1.7916575962988105e-10 0.6168591493050882
u2b2_1400.png
4.1678200329455036e-10 0.5584072118634212
u2b2_1410.png
4.737639465193592e-10 0.7655971969040091
u2b2_1420.png
5.354352247818395e-10 1.7899775916558913
u2b2_1430.png
3.4480360891513256e-10 4.108583141673813
u2b2_1440.png
2.9886935119085995e-10 4.351579225671147
u2b2_1450.png
5.117922564569676e-10 6.371436008326901
u2b2_1460.png
2.515306991330645e-10 6.349185833848768
u2b2_1470.png
5.600246049270124e-11 3.141263339042008
u2b2_1480.png
1.3289421117934023e-09 3.6059382363551737
u2b2_1490.png
7.381573868849807e-07 4.835097041547381e-06
u2b2_0150.png
2.0537690483737846e-09 3.430968562226287
u2b2_1500.png
1.2589925520432335e-09 2.7972465663097332
u2b2_1510.png
9.737704256761434e-10 2.5463844912745666
u2b2_1520.png
2.50852116413098e-09 2.1074889045647107
u2b2_1530.png
6.391235865506554e-10 1.8962877591923046
u2b2_1540.png
2.6078727846167547e-09 1.567831024082667
u2b2_1550.png
9.733797647677648e-10 1.645665012903041
u2b2_1560.png
2.1786387405069405e-09 1.4582293859021025
u2b2_1570.png
5.444106548447684e-10 1.3577612082804364
u2b2_1580.png
1.035597580283575e-09 1.372091868444954
u2b2_1590.png
6.895065648941644e-07 5.1483616472296315e-06
u2b2_0160.png
4.559594113478605e-09 1.8433454286249447
u2b2_1600.png
2.748829256536285e-09 2.0692155246448194
u2b2_1610.png
4.275641661191406e-09 2.392256959346083
u2b2_1620.png
6.329610390441833e-09 2.6090614379262513
u2b2_1630.png
4.036852004903444e-09 2.132845496629039
u2b2_1640.png
1.4154266477912752e-08 2.313252026136155
u2b2_1650.png
2.0096314955722567e-09 2.501400551257782
u2b2_1660.png
4.063587985076958e-09 2.5567337406218824
u2b2_1670.png
7.366832548128225e-09 2.3528863803366638
u2b2_1680.png
1.903229859253127e-08 1.8890623714134178
u2b2_1690.png
6.878483458297818e-07 5.396890624287712e-06
u2b2_0170.png
1.218657224678971e-08 2.692086471902298
u2b2_1700.png
4.092125771924084e-09 3.558077503581154
u2b2_1710.png
1.280184519125281e-08 3.729095437088259
u2b2_1720.png
5.039989149644605e-09 5.733201708638846
u2b2_1730.png
8.180294692315999e-09 6.459059427260693
u2b2_1740.png
1.174701873684098e-08 5.582283044829368
u2b2_1750.png
4.686861458335437e-09 5.392678258700917
u2b2_1760.png
3.863105886471213e-09 4.474857205416049
u2b2_1770.png
2.999995067043021e-08 5.186888622333756
u2b2_1780.png
3.758892276244754e-09 3.5317048793783496
u2b2_1790.png
6.563891029965509e-07 6.042863370081816e-06
u2b2_0180.png
3.96102543573636e-09 3.687304476106851
u2b2_1800.png
3.5238793944620083e-09 3.3816141365306285
u2b2_1810.png
2.1094457590715623e-08 4.820492789320592
u2b2_1820.png
1.2326755895682582e-08 6.0910719980836445
u2b2_1830.png
5.1558721295340436e-08 7.131876828316103
u2b2_1840.png
9.962975485055833e-09 3.8829043514903234
u2b2_1850.png
4.959977934559791e-08 3.8342240644408516
u2b2_1860.png
2.143674715393145e-08 3.698295330130051
u2b2_1870.png
1.078607596109424e-08 3.355426552074234
u2b2_1880.png
2.3818723940622786e-08 3.053026128940958
u2b2_1890.png
6.282816301737736e-07 5.99894705083011e-06
u2b2_0190.png
5.1585198721835944e-08 3.727473141734497
u2b2_1900.png
1.469419552696848e-09 2.588909362534875
u2b2_1910.png
4.3646472888258224e-08 2.207232940041027
u2b2_1920.png
3.2359728067041625e-08 2.755573143659119
u2b2_1930.png
4.428551136915693e-09 2.2956546645245925
u2b2_1940.png
4.87878647025127e-08 1.9798183211168463
u2b2_1950.png
7.285200619488376e-08 1.6214103628144432
u2b2_1960.png
8.681221050357017e-08 1.5468428589040943
u2b2_1970.png
4.747072597210035e-08 1.7889357726882151
u2b2_1980.png
9.866719584949025e-08 2.6020755568538765
u2b2_1990.png
1.7169836040984041e-06 2.220646961480592e-06
u2b2_0020.png
5.978225390295466e-07 6.5885235928759165e-06
u2b2_0200.png
1.014796499865067e-08 4.993692867133545
u2b2_2000.png
7.799870478271294e-08 7.538114864475977
u2b2_2010.png
1.0333837449754635e-07 8.94374016869852
u2b2_2020.png
1.602108259933804e-07 6.9171470844795175
u2b2_2030.png
9.620325430836859e-08 4.282029253382616
u2b2_2040.png
8.875725183216102e-08 4.527621450565248
u2b2_2050.png
5.0842066602715996e-08 2.8766740913804076
u2b2_2060.png
1.9453915388721944e-08 2.697960507278241
u2b2_2070.png
1.6042109817201825e-07 2.996528120835017
u2b2_2080.png
1.4539825965059209e-07 3.3979143792359063
u2b2_2090.png
6.017781926544495e-07 7.008647399649192e-06
u2b2_0210.png
2.3347811373166686e-07 3.3175185309282975
u2b2_2100.png
8.711438475441793e-08 3.5739053561159033
u2b2_2110.png
4.6097232145883585e-08 2.092447018767698
u2b2_2120.png
2.174209289846441e-07 2.6769039366168994
u2b2_2130.png
1.4096882237108102e-07 3.2229064250307364
u2b2_2140.png
1.957422772183724e-07 2.6572077161527776
u2b2_2150.png
3.498084769498681e-07 2.7756662699077825
u2b2_2160.png
1.7879132990034857e-07 2.622144810830969
u2b2_2170.png
1.885600352165765e-07 3.423994611652578
u2b2_2180.png
1.5024864598051e-07 3.652929981952356
u2b2_2190.png
5.623515614751449e-07 7.236359788022609e-06
u2b2_0220.png
1.1407606130890538e-07 2.750226867944258
u2b2_2200.png
5.626779305013319e-08 3.1111331837123877
u2b2_2210.png
1.2823513475919274e-07 4.426800326849231
u2b2_2220.png
2.278268756257299e-07 4.428705775129735
u2b2_2230.png
1.3211785817800954e-07 3.300960606360049
u2b2_2240.png
3.6393279086731125e-08 3.119410398006533
u2b2_2250.png
1.3503788907496786e-07 3.4231203297419692
u2b2_2260.png
1.4668027706891824e-07 3.2550708302395734
u2b2_2270.png
3.1275153626553753e-07 2.4773091695933527
u2b2_2280.png
2.0400929867338887e-07 2.55075217723455
u2b2_2290.png
5.230674116850606e-07 8.090996073113853e-06
u2b2_0230.png
2.759122130966957e-07 3.7128610921317544
u2b2_2300.png
1.7618457523502542e-07 2.9445098564619516
u2b2_2310.png
1.6286843901747355e-07 3.382474781916926
u2b2_2320.png
9.768447098489877e-08 3.4942714180287227
u2b2_2330.png
2.786983247105265e-07 3.9865559990676283
u2b2_2340.png
1.9526245090885347e-07 4.554052864561869
u2b2_2350.png
9.807062349581168e-08 3.942392702381114
u2b2_2360.png
4.808315902865327e-08 5.077617363186896
u2b2_2370.png
2.2216103310778845e-07 5.042130009962033
u2b2_2380.png
4.010977302884313e-07 4.230457328131749
u2b2_2390.png
5.405889673762735e-07 8.62185113095498e-06
u2b2_0240.png
2.7002611844268275e-07 3.500418705271779
u2b2_2400.png
8.695271612439612e-08 3.468455137026297
u2b2_2410.png
3.128062796492213e-07 5.478426113172938
u2b2_2420.png
2.9744257183858226e-07 3.924729846623289
u2b2_2430.png
9.182451104850236e-07 3.7163581987257155
u2b2_2440.png
3.0980488430706026e-07 3.3097766859452884
u2b2_2450.png
1.1156349173475234e-07 3.417097101352432
u2b2_2460.png
1.59548679464566e-07 2.9920275046766474
u2b2_2470.png
8.92923185180859e-08 3.106946753621271
u2b2_2480.png
1.0730262171432004e-07 3.245022394890735
u2b2_2490.png
5.468558492418686e-07 8.72779502690414e-06
u2b2_0250.png
3.571017866831994e-07 3.1411111216471257
u2b2_2500.png
5.0934737276560305e-08 2.844403942487046
u2b2_2510.png
2.8601700264196113e-07 2.7056654491142345
u2b2_2520.png
1.6274120770439538e-07 3.4422569638491014
u2b2_2530.png
2.9482627210596274e-07 2.9862714681727063
u2b2_2540.png
2.5300737102945293e-07 3.641856541608252
u2b2_2550.png
4.7675019927101657e-07 3.0879337487147467
u2b2_2560.png
1.4575424454577094e-07 3.3087428625458988
u2b2_2570.png
2.7195927259545904e-07 2.8820576273642664
u2b2_2580.png
2.2130284003088235e-07 3.0658035821092335
u2b2_2590.png
5.229945041873826e-07 9.549879053114262e-06
u2b2_0260.png
9.531634279177853e-08 3.031477955645898
u2b2_2600.png
3.707193941942039e-07 3.1323183807830977
u2b2_2610.png
1.763018046148499e-07 3.215334176082488
u2b2_2620.png
4.658956138686352e-07 3.5664855663950794
u2b2_2630.png
3.6045563892906835e-07 3.4463341311328612
u2b2_2640.png
2.5390641715245005e-07 3.0650391218976676
u2b2_2650.png
1.3800902170587035e-07 3.2552510552444724
u2b2_2660.png
2.9790838705683413e-07 3.092145263247762
u2b2_2670.png
1.730514592196513e-07 3.2518107136064014
u2b2_2680.png
1.8562965847314165e-07 3.0540584292086628
u2b2_2690.png
4.794099569338795e-07 9.823048030812889e-06
u2b2_0270.png
1.7931538336745036e-07 3.0266214796847573
u2b2_2700.png
6.122325979497939e-08 2.8297280558554467
u2b2_2710.png
1.2959161208596236e-07 3.3081656632567085
u2b2_2720.png
1.9928763155917722e-08 3.751380140434315
u2b2_2730.png
3.057055122151873e-08 3.6474973033188114
u2b2_2740.png
2.5116136796482174e-07 3.5971525161501905
u2b2_2750.png
2.48731845991832e-07 2.836315297625752
u2b2_2760.png
1.0620635885720652e-07 3.156284999290213
u2b2_2770.png
2.252247851022366e-07 3.330757589227899
u2b2_2780.png
8.4032414647445e-08 3.370887379821829
u2b2_2790.png
4.716271222058795e-07 1.0771746630893857e-05
u2b2_0280.png
2.922101766794461e-07 3.5572820575976847
u2b2_2800.png
3.3687657591341603e-07 3.97142282573118
u2b2_2810.png
6.429259419906207e-07 3.1849115693919683
u2b2_2820.png
3.398874564206863e-07 2.758416999402714
u2b2_2830.png
4.4270133321364625e-07 2.738858621220957
u2b2_2840.png
1.5273897650144384e-07 2.644371201748311
u2b2_2850.png
3.189115243446138e-07 2.480878977921192
u2b2_2860.png
4.955987686871314e-08 2.475310554633944
u2b2_2870.png
1.6542421087614196e-07 2.64075074879056
u2b2_2880.png
3.1029199049172605e-08 2.5179448860802274
u2b2_2890.png
4.859979503884701e-07 1.131835691139721e-05
u2b2_0290.png
3.8093245657199455e-07 2.979972374188931
u2b2_2900.png
9.251796760839208e-08 3.526450918251593
u2b2_2910.png
1.4538458933148308e-07 2.5296075377580998
u2b2_2920.png
1.715307270451595e-07 2.2538136125016335
u2b2_2930.png
4.068438193433916e-07 2.9220758552808674
u2b2_2940.png
2.319242514454533e-07 3.2444013670391967
u2b2_2950.png
2.2940435333720455e-07 2.5082692285876065
u2b2_2960.png
3.571750767314667e-07 2.480892923765958
u2b2_2970.png
2.294443037387196e-08 2.556969148407064
u2b2_2980.png
3.511131960851886e-07 3.1398170946288158
u2b2_2990.png
1.5926034591775226e-06 2.3661968052822535e-06
u2b2_0030.png
4.867307173609756e-07 1.2324754921656082e-05
u2b2_0300.png
1.4181024912339997e-07 2.638504723599356
u2b2_3000.png
9.417561622653565e-08 2.165480954606282
u2b2_3010.png
1.2560436934538812e-07 2.7534157100254752
u2b2_3020.png
1.5778357428131269e-07 3.3764336911237662
u2b2_3030.png
1.8294947539013624e-07 3.114071843104965
u2b2_3040.png
1.9750572396368014e-08 3.2446930031537207
u2b2_3050.png
1.7607703091217444e-07 3.3335588743689764
u2b2_3060.png
5.280795083174112e-08 2.9735592771050183
u2b2_3070.png
1.4719503365158546e-08 3.4131535659933774
u2b2_3080.png
5.930066829184092e-08 3.698097087455545
u2b2_3090.png
4.690766720289113e-07 1.3723459074937343e-05
u2b2_0310.png
2.232025355132082e-08 3.5890922147275495
u2b2_3100.png
1.147666511108415e-07 2.8376396620080797
u2b2_3110.png
9.11092269264117e-08 3.1024152719245492
u2b2_3120.png
1.089673531616216e-07 1.9760984783250723
u2b2_3130.png
1.5510182514736304e-07 1.8496099946408056
u2b2_3140.png
2.5721471244053295e-07 2.072343049102239
u2b2_3150.png
2.1934800856448895e-07 2.056856588987745
u2b2_3160.png
3.024656399330806e-07 2.169896691767522
u2b2_3170.png
2.5864153083729126e-07 2.094817210837616
u2b2_3180.png
1.624778639447544e-07 2.047486966952129
u2b2_3190.png
4.472776035008106e-07 1.5292022354957744e-05
u2b2_0320.png
1.4706712143764286e-07 2.0072883189696724
u2b2_3200.png
5.35151607986484e-08 2.178193728545539
u2b2_3210.png
1.1419642332374173e-07 2.2757491952019686
u2b2_3220.png
2.758415804773724e-08 2.5734450659275923
u2b2_3230.png
2.2423282497844893e-07 1.9129781094089044
u2b2_3240.png
1.3710241900470666e-07 1.5992360543229287
u2b2_3250.png
1.1585845125586104e-07 1.477023332650782
u2b2_3260.png
9.471754537757292e-08 1.4960961262674835
u2b2_3270.png
8.495709142874458e-08 1.6709324808045036
u2b2_3280.png
5.575195202463879e-08 1.7059248802469757
u2b2_3290.png
4.474780191708092e-07 1.704385881868994e-05
u2b2_0330.png
2.2355524088676442e-07 1.5841706893821068
u2b2_3300.png
4.901632413062678e-08 1.523254798396486
u2b2_3310.png
1.007435823121664e-07 1.370013459805592
u2b2_3320.png
4.956827112090592e-08 1.6198981026637058
u2b2_3330.png
1.7918093201854204e-07 1.519973147153129
u2b2_3340.png
1.2702002681046473e-07 1.388638599575133
u2b2_3350.png
6.200846105747746e-08 1.28286060930219
u2b2_3360.png
5.92245008303669e-08 1.3980874976619058
u2b2_3370.png
2.1160415277438808e-08 1.3834378402603171
u2b2_3380.png
4.973350596316265e-08 1.4592435347463262
u2b2_3390.png
4.5993632293010525e-07 1.8879154243571803e-05
u2b2_0340.png
1.1432634649504261e-07 1.4238273407250235
u2b2_3400.png
9.46038274990502e-08 1.4514774261389927
u2b2_3410.png
6.608894522897212e-08 1.4545242876817466
u2b2_3420.png
1.4015459179180685e-07 1.2828097536979846
u2b2_3430.png
2.9593983342373895e-08 1.2503315048965398
u2b2_3440.png
5.014603572915217e-08 1.4005065385792559
u2b2_3450.png
4.216853265728084e-08 1.3108461358768628
u2b2_3460.png
1.368814190648505e-07 1.1473061475957818
u2b2_3470.png
1.8141991354713698e-07 1.1064433205512296
u2b2_3480.png
3.535442981142196e-08 1.1359645486197218
u2b2_3490.png
4.411974975792052e-07 2.0802398474679656e-05
u2b2_0350.png
2.1593715691886962e-07 1.0699050012314437
u2b2_3500.png
4.8428889058759527e-08 1.2264797426395502
u2b2_3510.png
9.490729757410753e-08 1.3946875710359146
u2b2_3520.png
6.346278753568378e-08 1.419171818319539
u2b2_3530.png
1.1558808232435631e-07 1.2912799303906701
u2b2_3540.png
3.604230994234738e-08 1.5590929356566066
u2b2_3550.png
9.079076100432399e-08 1.4367081404508277
u2b2_3560.png
1.492741225848394e-07 2.3124492744094685
u2b2_3570.png
6.877422958428363e-08 2.3992000959160054
u2b2_3580.png
1.1301418780729668e-07 2.0933957666758745
u2b2_3590.png
4.3260891445317823e-07 2.317002932343533e-05
u2b2_0360.png
2.6529648065272677e-08 1.6475268645251746
u2b2_3600.png
6.253098288569516e-08 1.8154839750713108
u2b2_3610.png
4.367173685357914e-08 1.6666882330388346
u2b2_3620.png
8.534377270886617e-08 1.5811950553647602
u2b2_3630.png
8.498126899263794e-08 1.7695717621111213
u2b2_3640.png
6.236327631434165e-08 1.7022745673568245
u2b2_3650.png
7.276922612373659e-08 1.9319034236556694
u2b2_3660.png
1.0345109782917305e-08 2.655132403784422
u2b2_3670.png
1.6364086776941815e-07 3.2208762821461803
u2b2_3680.png
6.030104450077406e-08 3.4849072950817828
u2b2_3690.png
4.2704462997358893e-07 2.52855816980198e-05
u2b2_0370.png
1.4560688999775376e-07 3.2003443836596555
u2b2_3700.png
2.8365387156584936e-08 2.6295114809109483
u2b2_3710.png
5.0317216106872876e-08 2.3421822405142523
u2b2_3720.png
3.699705850979423e-08 2.1037176712566574
u2b2_3730.png
1.4444394160057764e-08 2.106400732199146
u2b2_3740.png
5.3039002791868103e-08 2.159118064620768
u2b2_3750.png
2.592583190439896e-08 1.820051753146787
u2b2_3760.png
5.365001641205072e-08 1.4823460503121875
u2b2_3770.png
6.616798362696446e-08 1.5755770149787973
u2b2_3780.png
4.657776203590097e-09 1.4796973417904749
u2b2_3790.png
3.8973990045240406e-07 2.686381667374258e-05
u2b2_0380.png
4.1223851210097326e-08 1.4577670031548007
u2b2_3800.png
8.600742246994218e-08 1.3740459273887382
u2b2_3810.png
6.707454888955261e-08 1.443497077426736
u2b2_3820.png
3.2924151096910493e-09 1.483138786874905
u2b2_3830.png
7.24214076349406e-08 1.4197329242486625
u2b2_3840.png
1.0163453395740907e-07 1.2544397481687308
u2b2_3850.png
4.2644110900586284e-08 1.2770145807946847
u2b2_3860.png
8.190116923221728e-08 1.2067063883561
u2b2_3870.png
4.324241815041892e-08 1.2887504356019943
u2b2_3880.png
1.7220252375635646e-08 1.5577075732814194
u2b2_3890.png
4.097349398958371e-07 2.9511481754736448e-05
u2b2_0390.png
1.3917852054118193e-07 1.7807835836250343
u2b2_3900.png
4.638448784524726e-08 1.8462576259185228
u2b2_3910.png
1.1362477044838189e-07 1.7776616534348946
u2b2_3920.png
1.0941166672600779e-07 1.701541209891531
u2b2_3930.png
1.3080570419617991e-08 1.7124517879556718
u2b2_3940.png
8.918412164922487e-08 1.6474085885236136
u2b2_3950.png
5.468242204193196e-08 1.5593685576010612
u2b2_3960.png
6.394255903436053e-08 1.490459836531403
u2b2_3970.png
7.494718119259876e-08 1.2969481728231589
u2b2_3980.png
2.4080264390496922e-08 1.0941557574847431
u2b2_3990.png
1.4769416604736254e-06 2.5158710248369285e-06
u2b2_0040.png
3.8711054290728784e-07 3.310586576336836e-05
u2b2_0400.png
5.6736432546241765e-08 1.237656287805808
u2b2_4000.png
6.05926993729311e-08 1.3399912110668517
u2b2_4010.png
4.3414590428502815e-08 1.5423991993494752
u2b2_4020.png
1.1059563294902833e-08 1.801591457559703
u2b2_4030.png
5.218888010819322e-08 1.8105683453733508
u2b2_4040.png
4.2618150203576745e-08 1.6644843811630434
u2b2_4050.png
1.5655101899514454e-07 1.5644492095019076
u2b2_4060.png
1.7212956754844977e-07 1.5008621120055776
u2b2_4070.png
3.867466584504291e-08 1.4267303943067975
u2b2_4080.png
1.2861695868628465e-07 1.2771757601039166
u2b2_4090.png
3.780829707012051e-07 3.646774335230807e-05
u2b2_0410.png
3.29779798080647e-08 1.210284150983192
u2b2_4100.png
3.09582507560594e-08 1.0980062726754871
u2b2_4110.png
1.4287301744217067e-07 1.0885662531028941
u2b2_4120.png
3.571511867008971e-08 0.9839030878146157
u2b2_4130.png
3.3990849267126926e-08 1.01161238501728
u2b2_4140.png
8.830164813456955e-08 0.9879302427663854
u2b2_4150.png
1.9792671675213357e-07 0.9599006395650905
u2b2_4160.png
5.2187334762370095e-08 0.9221510434676667
u2b2_4170.png
3.749487848339718e-08 0.9821981595737886
u2b2_4180.png
4.246320885884722e-08 1.0290778860074845
u2b2_4190.png
3.830498025528355e-07 4.2070761403386346e-05
u2b2_0420.png
1.1265107646288926e-07 1.1383719703344064
u2b2_4200.png
1.265574457131635e-07 1.128371738962806
u2b2_4210.png
7.102967685574869e-08 0.9748465873200415
u2b2_4220.png
5.1538708232095374e-08 0.8600123431827752
u2b2_4230.png
2.421393748738083e-08 0.8355647750291628
u2b2_4240.png
9.418149940288583e-09 0.8088476914782243
u2b2_4250.png
3.619462111988283e-08 0.8264962342108337
u2b2_4260.png
1.2148216938408134e-08 0.9368148949146684
u2b2_4270.png
1.1277127022751197e-08 0.8733225460139975
u2b2_4280.png
1.881923965337787e-08 0.8369358707718039
u2b2_4290.png
3.907152197011223e-07 4.812353868940872e-05
u2b2_0430.png
1.0722912714860719e-07 0.8306480622025494
u2b2_4300.png
2.7268639122641816e-08 0.8715931850781516
u2b2_4310.png
1.2438337868660017e-07 0.8279500127326066
u2b2_4320.png
8.535448814952258e-08 0.8041791610835138
u2b2_4330.png
2.338101841597233e-08 0.7921531158997221
u2b2_4340.png
5.084029258011062e-08 0.7719062498658292
u2b2_4350.png
1.8461511393899778e-08 0.8198716693286092
u2b2_4360.png
3.0229203509094774e-08 0.7897586756942248
u2b2_4370.png
4.988886089749233e-08 0.8137746314385813
u2b2_4380.png
1.1114110913841421e-07 0.813214093840793
u2b2_4390.png
3.7139307362234557e-07 5.4039869301089746e-05
u2b2_0440.png
6.647634224826974e-08 0.8034464995058322
u2b2_4400.png
1.0549022141255271e-07 0.7917463415115928
u2b2_4410.png
1.2565122635222676e-07 0.8003795002553592
u2b2_4420.png
1.2895465214215462e-07 0.8603677892326569
u2b2_4430.png
4.5195380238663766e-08 0.9001076384660234
u2b2_4440.png
5.729040564327497e-08 0.867798697958349
u2b2_4450.png
5.353809321739226e-08 0.8767264237674244
u2b2_4460.png
7.899718362984865e-08 0.8877532750588977
u2b2_4470.png
4.8149221371002003e-08 0.8683919457287542
u2b2_4480.png
3.277846630041535e-08 0.8651971297473459
u2b2_4490.png
3.757439752477957e-07 5.899530691612366e-05
u2b2_0450.png
1.9954625507434045e-08 0.8947960059508125
u2b2_4500.png
1.868052361517046e-08 0.9335560524755981
u2b2_4510.png
4.980045508591929e-08 0.878248664772614
u2b2_4520.png
8.163561791319496e-08 0.8621332546594616
u2b2_4530.png
1.1051369740796592e-08 0.8313874831031963
u2b2_4540.png
2.714559625865032e-08 0.7877363140312454
u2b2_4550.png
2.0594116925805773e-08 0.8606727475697784
u2b2_4560.png
1.5836198981887604e-08 0.8512594778996314
u2b2_4570.png
5.163621905173955e-08 0.8581609536432239
u2b2_4580.png
2.3445447920573065e-08 0.8471792026577298
u2b2_4590.png
3.7246061919050656e-07 6.463294934925002e-05
u2b2_0460.png
1.0801780779547802e-09 0.9069390400681442
u2b2_4600.png
6.788204069783954e-08 0.9016185693189739
u2b2_4610.png
2.0184276870109188e-08 0.8168732533382767
u2b2_4620.png
1.3290115694836322e-08 0.7508500007858759
u2b2_4630.png
5.896547639080657e-08 0.7735020555583675
u2b2_4640.png
1.9400819074419383e-08 0.7324690223900677
u2b2_4650.png
1.546178068285189e-08 0.7436188494722756
u2b2_4660.png
1.0092184801213233e-07 0.76599160823086
u2b2_4670.png
8.248861369441256e-08 0.8137535132225967
u2b2_4680.png
1.2878124186179747e-08 0.7492931718363214
u2b2_4690.png
3.430687379719895e-07 7.235996682190612e-05
u2b2_0470.png
7.552026404517529e-08 0.7336861411526931
u2b2_4700.png
1.49233931123922e-08 0.806531662419045
u2b2_4710.png
1.0316610713850597e-08 0.7658446424958949
u2b2_4720.png
8.82661038381608e-08 0.7419600185587011
u2b2_4730.png
2.4116108020955546e-08 0.7769142437323779
u2b2_4740.png
4.289041670758631e-09 0.8059526175054599
u2b2_4750.png
4.131202013752936e-08 0.7628660418645312
u2b2_4760.png
3.9015835592278114e-08 0.7815114222435848
u2b2_4770.png
8.899151673790195e-08 0.7200986801790396
u2b2_4780.png
6.135325116225271e-08 0.6666376413614941
u2b2_4790.png
3.5497859277193463e-07 7.9450110761568e-05
u2b2_0480.png
1.4082922299745502e-08 0.7545616619883726
u2b2_4800.png
4.4327782230289824e-08 0.6438480467010954
u2b2_4810.png
7.404567449037765e-09 0.6278225937188326
u2b2_4820.png
5.053424183235881e-08 0.6185533954777458
u2b2_4830.png
3.731980708445895e-08 0.6636209141944099
u2b2_4840.png
1.3430841869872744e-08 0.6719583640316031
u2b2_4850.png
7.189522602305356e-08 0.7195451111766568
u2b2_4860.png
6.555815757853748e-08 0.702895841045149
u2b2_4870.png
5.247791432427297e-08 0.6884322986735356
u2b2_4880.png
3.115337208900082e-08 0.7151007771336894
u2b2_4890.png
3.130417694789865e-07 9.024661721515052e-05
u2b2_0490.png
8.100721079941461e-08 0.6937486043327917
u2b2_4900.png
1.9883656681558812e-09 0.7090199160677815
u2b2_4910.png
2.7414788473186277e-08 0.6689805128334145
u2b2_4920.png
1.1177863499330006e-08 0.6896168866794459
u2b2_4930.png
1.1166075290852744e-07 0.7106561966711176
u2b2_4940.png
2.060705143454919e-08 0.6950751421684033
u2b2_4950.png
1.0299359316666424e-07 0.7335005770019077
u2b2_4960.png
1.7712849436847875e-08 0.7013990999213192
u2b2_4970.png
5.331899607390864e-08 0.8393167973116862
u2b2_4980.png
3.377346095346989e-08 1.0272978123952181
u2b2_4990.png
1.3584183667213448e-06 2.6394875973610636e-06
u2b2_0050.png
3.4991386579603657e-07 9.300373263781324e-05
u2b2_0500.png
6.713790635161865e-08 1.1012553828788239
u2b2_5000.png
2.917258191223246e-07 0.00010908398208590931
u2b2_0510.png
3.1556120110854395e-07 0.0001204198952591859
u2b2_0520.png
3.185698446534841e-07 0.00013264068105273719
u2b2_0530.png
2.732419685441155e-07 0.00013184128336268545
u2b2_0540.png
3.084485826511137e-07 0.00013476792947743254
u2b2_0550.png
2.7133487787257966e-07 0.00012573574575381124
u2b2_0560.png
2.692144445423357e-07 0.00012900354361847468
u2b2_0570.png
2.51777185713057e-07 0.00013332745752435925
u2b2_0580.png
2.3775018175777591e-07 0.00014589783569520084
u2b2_0590.png
1.2914084742413962e-06 2.7995223523864455e-06
u2b2_0060.png
2.2654247685132764e-07 0.00015381475475788654
u2b2_0600.png
1.7231353661163143e-07 0.00016195895593344056
u2b2_0610.png
2.0359281225646895e-07 0.00016480595109611906
u2b2_0620.png
1.6188525803225785e-07 0.00017307855394869013
u2b2_0630.png
1.1886068186056609e-07 0.00021012561266054065
u2b2_0640.png
1.115335500872306e-07 0.0002552331814712979
u2b2_0650.png
4.5716265640739905e-08 0.0003009156556277869
u2b2_0660.png
6.961644355456618e-08 0.00033193382932336884
u2b2_0670.png
1.9702500407133613e-08 0.0003367236486372574
u2b2_0680.png
2.2351640283414966e-08 0.00033964074752478306
u2b2_0690.png
1.2045576564993856e-06 2.9829192272383756e-06
u2b2_0070.png
3.68551739540077e-08 0.00039351959012059003
u2b2_0700.png
1.6366428081526054e-08 0.00043113972383243776
u2b2_0710.png
9.363943294061852e-10 0.0005065045187694466
u2b2_0720.png
3.4375218991820686e-09 0.0006874811789720837
u2b2_0730.png
1.379329246174452e-08 0.0007541935042383005
u2b2_0740.png
1.012120607819445e-08 0.0008239591675943044
u2b2_0750.png
5.344965584087774e-09 0.0009578032184762337
u2b2_0760.png
2.7634862969163182e-09 0.0011952706103665353
u2b2_0770.png
1.4535308952745448e-09 0.0012653410761806175
u2b2_0780.png
6.473080382231481e-09 0.0016529971561128347
u2b2_0790.png
1.1228822969243059e-06 3.1617526922009504e-06
u2b2_0080.png
1.6371315074959611e-09 0.0018711545123639805
u2b2_0800.png
9.192518409240525e-10 0.0020187271869699427
u2b2_0810.png
3.669870096194966e-10 0.0023797687839866915
u2b2_0820.png
1.171912567315775e-10 0.002779158586608631
u2b2_0830.png
5.613215027373796e-10 0.002922405312993275
u2b2_0840.png
5.698783588895248e-10 0.003898412477180903
u2b2_0850.png
4.0792598176721377e-10 0.004000593014954813
u2b2_0860.png
5.302130950050711e-10 0.004593694223837039
u2b2_0870.png
1.0004463567571148e-09 0.005162886973525709
u2b2_0880.png
1.1560013932881935e-10 0.006357169967491756
u2b2_0890.png
1.0815908543526018e-06 3.379114194172348e-06
u2b2_0090.png
5.956869808491624e-10 0.007743390461042609
u2b2_0900.png
6.411420467357287e-10 0.008850058788380901
u2b2_0910.png
8.157594788438039e-10 0.009554677810271245
u2b2_0920.png
1.4760601743987965e-10 0.010404077343174228
u2b2_0930.png
3.951692862121244e-10 0.01045947133291831
u2b2_0940.png
2.9867228341157397e-10 0.01089890700139535
u2b2_0950.png
3.3099715703407604e-10 0.013867671624660334
u2b2_0960.png
2.466485339393656e-10 0.016072029787642442
u2b2_0970.png
1.6156770960939604e-10 0.016050733616290704
u2b2_0980.png
2.2233886229114378e-10 0.012900188855334924
u2b2_0990.png
ffmpeg version 6.0 Copyright (c) 2000-2023 the FFmpeg developers
  built with gcc 12.3.0 (conda-forge gcc 12.3.0-0)
  configuration: --prefix=/burg/home/bog2101/.conda/envs/spectralDNS --cc=/home/conda/feedstock_root/build_artifacts/ffmpeg_1687154882217/_build_env/bin/x86_64-conda-linux-gnu-cc --cxx=/home/conda/feedstock_root/build_artifacts/ffmpeg_1687154882217/_build_env/bin/x86_64-conda-linux-gnu-c++ --nm=/home/conda/feedstock_root/build_artifacts/ffmpeg_1687154882217/_build_env/bin/x86_64-conda-linux-gnu-nm --ar=/home/conda/feedstock_root/build_artifacts/ffmpeg_1687154882217/_build_env/bin/x86_64-conda-linux-gnu-ar --disable-doc --disable-openssl --enable-demuxer=dash --enable-hardcoded-tables --enable-libfreetype --enable-libfontconfig --enable-libopenh264 --enable-libdav1d --enable-gnutls --enable-libmp3lame --enable-libvpx --enable-libass --enable-pthreads --enable-vaapi --enable-gpl --enable-libx264 --enable-libx265 --enable-libaom --enable-libsvtav1 --enable-libxml2 --enable-pic --enable-shared --disable-static --enable-version3 --enable-zlib --enable-libopus --pkg-config=/home/conda/feedstock_root/build_artifacts/ffmpeg_1687154882217/_build_env/bin/pkg-config
  libavutil      58.  2.100 / 58.  2.100
  libavcodec     60.  3.100 / 60.  3.100
  libavformat    60.  3.100 / 60.  3.100
  libavdevice    60.  1.100 / 60.  1.100
  libavfilter     9.  3.100 /  9.  3.100
  libswscale      7.  1.100 /  7.  1.100
  libswresample   4. 10.100 /  4. 10.100
  libpostproc    57.  1.100 / 57.  1.100
Input #0, image2, from 'u2b2*.png':
  Duration: 00:00:16.67, start: 0.000000, bitrate: N/A
  Stream #0:0: Video: png, rgba(pc), 1000x600 [SAR 3937:3937 DAR 5:3], 30 fps, 30 tbr, 30 tbn
Stream mapping:
  Stream #0:0 -> #0:0 (png (native) -> h264 (libx264))
Press [q] to stop, [?] for help
[libx264 @ 0x5555555d9a80] using SAR=1/1
[libx264 @ 0x5555555d9a80] using cpu capabilities: MMX2 SSE2Fast SSSE3 SSE4.2 AVX FMA3 BMI2 AVX2 AVX512
[libx264 @ 0x5555555d9a80] profile High, level 3.1, 4:2:0, 8-bit
[libx264 @ 0x5555555d9a80] 264 - core 164 r3095 baee400 - H.264/MPEG-4 AVC codec - Copyleft 2003-2022 - http://www.videolan.org/x264.html - options: cabac=1 ref=3 deblock=1:0:0 analyse=0x3:0x113 me=hex subme=7 psy=1 psy_rd=1.00:0.00 mixed_ref=1 me_range=16 chroma_me=1 trellis=1 8x8dct=1 cqm=0 deadzone=21,11 fast_pskip=1 chroma_qp_offset=-2 threads=3 lookahead_threads=1 sliced_threads=0 nr=0 decimate=1 interlaced=0 bluray_compat=0 constrained_intra=0 bframes=3 b_pyramid=2 b_adapt=1 b_bias=0 direct=1 weightb=1 open_gop=0 weightp=2 keyint=250 keyint_min=25 scenecut=40 intra_refresh=0 rc_lookahead=40 rc=crf mbtree=1 crf=23.0 qcomp=0.60 qpmin=0 qpmax=69 qpstep=4 ip_ratio=1.40 aq=1:1.00
Output #0, mp4, to 'u2b2.mp4':
  Metadata:
    encoder         : Lavf60.3.100
  Stream #0:0: Video: h264 (avc1 / 0x31637661), yuv420p(tv, progressive), 1000x600 [SAR 1:1 DAR 5:3], q=2-31, 30 fps, 15360 tbn
    Metadata:
      encoder         : Lavc60.3.100 libx264
    Side data:
      cpb: bitrate max/min/avg: 0/0/0 buffer size: 0 vbv_delay: N/A
frame=    0 fps=0.0 q=0.0 size=       0kB time=-577014:32:22.77 bitrate=  -0.0kbits/s speed=N/A    frame=   20 fps=0.0 q=29.0 size=       0kB time=00:00:00.60 bitrate=   0.6kbits/s speed=1.18x    frame=   62 fps= 61 q=29.0 size=       0kB time=00:00:02.00 bitrate=   0.2kbits/s speed=1.95x    frame=   94 fps= 61 q=29.0 size=     256kB time=00:00:03.06 bitrate= 684.0kbits/s speed=2.01x    frame=  122 fps= 60 q=29.0 size=     256kB time=00:00:04.00 bitrate= 524.4kbits/s speed=1.97x    frame=  147 fps= 58 q=29.0 size=     512kB time=00:00:04.83 bitrate= 867.9kbits/s speed= 1.9x    frame=  173 fps= 57 q=29.0 size=     768kB time=00:00:05.70 bitrate=1103.8kbits/s speed=1.87x    frame=  197 fps= 55 q=29.0 size=    1024kB time=00:00:06.50 bitrate=1290.6kbits/s speed=1.82x    frame=  218 fps= 53 q=29.0 size=    1536kB time=00:00:07.20 bitrate=1747.7kbits/s speed=1.77x    frame=  239 fps= 52 q=29.0 size=    1792kB time=00:00:07.90 bitrate=1858.3kbits/s speed=1.72x    frame=  261 fps= 51 q=29.0 size=    2304kB time=00:00:08.63 bitrate=2186.3kbits/s speed=1.69x    frame=  284 fps= 50 q=29.0 size=    2560kB time=00:00:09.40 bitrate=2231.1kbits/s speed=1.67x    frame=  308 fps= 50 q=29.0 size=    3072kB time=00:00:10.20 bitrate=2467.3kbits/s speed=1.66x    frame=  334 fps= 50 q=29.0 size=    3328kB time=00:00:11.06 bitrate=2463.6kbits/s speed=1.66x    frame=  361 fps= 50 q=29.0 size=    3584kB time=00:00:11.96 bitrate=2453.5kbits/s speed=1.67x    frame=  391 fps= 51 q=29.0 size=    3840kB time=00:00:12.96 bitrate=2426.0kbits/s speed=1.69x    frame=  421 fps= 51 q=29.0 size=    3840kB time=00:00:13.96 bitrate=2252.3kbits/s speed= 1.7x    frame=  450 fps= 52 q=29.0 size=    4096kB time=00:00:14.93 bitrate=2247.0kbits/s speed=1.72x    frame=  500 fps= 55 q=-1.0 Lsize=    4423kB time=00:00:16.56 bitrate=2187.1kbits/s speed=1.81x    
video:4416kB audio:0kB subtitle:0kB other streams:0kB global headers:0kB muxing overhead: 0.153224%
[libx264 @ 0x5555555d9a80] frame I:2     Avg QP:22.42  size: 32714
[libx264 @ 0x5555555d9a80] frame P:127   Avg QP:26.54  size: 16062
[libx264 @ 0x5555555d9a80] frame B:371   Avg QP:29.99  size:  6512
[libx264 @ 0x5555555d9a80] consecutive B-frames:  0.8%  0.4%  1.2% 97.6%
[libx264 @ 0x5555555d9a80] mb I  I16..4: 12.8% 74.9% 12.2%
[libx264 @ 0x5555555d9a80] mb P  I16..4:  1.6%  7.4%  0.8%  P16..4: 12.7% 12.3%  7.9%  0.0%  0.0%    skip:57.4%
[libx264 @ 0x5555555d9a80] mb B  I16..4:  0.0%  0.8%  0.1%  B16..8: 17.1%  4.4%  1.8%  direct: 3.0%  skip:72.8%  L0:31.1% L1:42.3% BI:26.6%
[libx264 @ 0x5555555d9a80] 8x8 transform intra:78.4% inter:72.5%
[libx264 @ 0x5555555d9a80] coded y,uvDC,uvAC intra: 63.2% 73.7% 65.9% inter: 13.6% 15.7% 8.9%
[libx264 @ 0x5555555d9a80] i16 v,h,dc,p: 74% 15%  2%  8%
[libx264 @ 0x5555555d9a80] i8 v,h,dc,ddl,ddr,vr,hd,vl,hu: 23%  8% 24%  6%  9%  8%  8%  7%  7%
[libx264 @ 0x5555555d9a80] i4 v,h,dc,ddl,ddr,vr,hd,vl,hu: 21% 15% 15%  7% 11%  9%  8%  7%  6%
[libx264 @ 0x5555555d9a80] i8c dc,h,v,p: 49% 12% 28% 11%
[libx264 @ 0x5555555d9a80] Weighted P-Frames: Y:0.0% UV:0.0%
[libx264 @ 0x5555555d9a80] ref P L0: 57.4% 16.9% 17.8%  7.9%
[libx264 @ 0x5555555d9a80] ref B L0: 92.7%  5.5%  1.7%
[libx264 @ 0x5555555d9a80] ref B L1: 98.5%  1.5%
[libx264 @ 0x5555555d9a80] kb/s:2170.30
Tue Jun 27 17:35:43 EDT 2023
