Wed Jun 28 09:38:52 EDT 2023
1.8710291377626173e-06 2.0854113171113986e-06
u2b2_0010.png
1.4775249326560584e-06 2.690302928143521e-06
u2b2_0100.png
3.0054669449950893e-07 0.0026919967456129593
u2b2_1000.png
2.8402298106454384e-07 0.0027496374673725192
u2b2_1010.png
2.667258827961249e-07 0.0027177743097371856
u2b2_1020.png
2.445948851382612e-07 0.002652819923861449
u2b2_1030.png
2.3542767127146107e-07 0.002615385202290899
u2b2_1040.png
2.2783325605595097e-07 0.0025868512360535576
u2b2_1050.png
2.1687294298797088e-07 0.0025011200080747613
u2b2_1060.png
2.1404957716733405e-07 0.002408597108530642
u2b2_1070.png
2.1359000191477097e-07 0.0023206921101560775
u2b2_1080.png
2.0945356090193925e-07 0.0022217310492134725
u2b2_1090.png
1.4575538777171107e-06 2.752541154171523e-06
u2b2_0110.png
2.0550385348188142e-07 0.002168189633466154
u2b2_1100.png
2.0209915150415473e-07 0.0022694105528032983
u2b2_1110.png
2.0157881839816487e-07 0.002391986257169274
u2b2_1120.png
1.9814535839425017e-07 0.0024959473231246396
u2b2_1130.png
2.0199573617613635e-07 0.0025315637038258593
u2b2_1140.png
1.6195421687511583e-07 0.002617941512045574
u2b2_1150.png
1.4894266934968607e-07 0.002692443170163916
u2b2_1160.png
1.15737270884359e-07 0.0028105094879675692
u2b2_1170.png
1.1102092368287003e-07 0.0028596771417682136
u2b2_1180.png
8.597077855269527e-08 0.00299028254443435
u2b2_1190.png
1.4403735997939727e-06 2.814684562154223e-06
u2b2_0120.png
6.331488142008088e-08 0.003126244239883789
u2b2_1200.png
5.168842592116696e-08 0.0033145778469048223
u2b2_1210.png
3.8038129409337484e-08 0.0035425036550490044
u2b2_1220.png
5.0207990213069204e-08 0.003947952832046781
u2b2_1230.png
4.469274553914879e-08 0.004403152332410601
u2b2_1240.png
9.823364776635926e-09 0.004826502438992501
u2b2_1250.png
2.0524200589526166e-08 0.005287242171324896
u2b2_1260.png
8.550260540562528e-09 0.005362031074918054
u2b2_1270.png
1.153293766076623e-08 0.005156626749157357
u2b2_1280.png
6.115674501472848e-09 0.004733018897820443
u2b2_1290.png
1.4081074428019632e-06 2.8970842785994225e-06
u2b2_0130.png
5.3582278189455244e-09 0.004370793858281698
u2b2_1300.png
3.4877717126112407e-09 0.003975125145581322
u2b2_1310.png
4.159944796682319e-09 0.003923272894128965
u2b2_1320.png
4.5391146651696656e-09 0.0036071650652094137
u2b2_1330.png
1.550062919428817e-09 0.0035578477398123644
u2b2_1340.png
5.297190920370212e-09 0.0036806647116818356
u2b2_1350.png
1.9035855187162586e-09 0.0039362310805043455
u2b2_1360.png
8.616277230366173e-10 0.004188010492687302
u2b2_1370.png
3.40285701417131e-09 0.004454563426050143
u2b2_1380.png
9.704004062770853e-10 0.0047254592744544865
u2b2_1390.png
1.3748950406958604e-06 2.975269878935641e-06
u2b2_0140.png
1.0831449024928812e-09 0.004889068251908629
u2b2_1400.png
1.1957537110981072e-09 0.004998371330099603
u2b2_1410.png
6.978868460960067e-10 0.005106432082049411
u2b2_1420.png
2.142278837263619e-09 0.005199393020503204
u2b2_1430.png
3.66783755433961e-10 0.005350217681589909
u2b2_1440.png
3.875773812022166e-10 0.0055168820416249655
u2b2_1450.png
7.401852140248075e-10 0.0057082418202443735
u2b2_1460.png
7.757105921896731e-10 0.005890510627623309
u2b2_1470.png
5.109431060171248e-10 0.00634979920603893
u2b2_1480.png
6.590036258943678e-11 0.007171797641717116
u2b2_1490.png
1.3459365634425938e-06 3.056901833337013e-06
u2b2_0150.png
4.288693048393431e-10 0.007887630662105294
u2b2_1500.png
4.661345910425565e-10 0.008171961538212282
u2b2_1510.png
6.934549953889816e-11 0.009022049345860716
u2b2_1520.png
2.0487402119179943e-10 0.009727985356763787
u2b2_1530.png
3.367035543558098e-10 0.010183593414576968
u2b2_1540.png
1.0771666141024631e-10 0.010423709621375912
u2b2_1550.png
8.40267611608377e-10 0.01073097458210608
u2b2_1560.png
1.2042333861459864e-10 0.010960001274765499
u2b2_1570.png
1.5289708734838494e-10 0.010942369833315325
u2b2_1580.png
4.781458526868991e-10 0.01076308323259332
u2b2_1590.png
1.3141887763097648e-06 3.1445744949890486e-06
u2b2_0160.png
2.0630674860592033e-11 0.010578844001047544
u2b2_1600.png
4.3615668006206643e-10 0.01025213727293693
u2b2_1610.png
3.9107800361956135e-10 0.009724118390745646
u2b2_1620.png
2.4803431463362947e-11 0.009046855398140098
u2b2_1630.png
5.931827018175922e-10 0.008771873223719294
u2b2_1640.png
1.2246393656164065e-10 0.008531810341761313
u2b2_1650.png
1.8941202600839406e-10 0.008395990435459823
u2b2_1660.png
2.7928694042903805e-10 0.00838746260866499
u2b2_1670.png
2.5072317312616327e-11 0.008315186245940529
u2b2_1680.png
4.6639177240949366e-11 0.008497193806508247
u2b2_1690.png
1.283084682488594e-06 3.226716805857736e-06
u2b2_0170.png
2.0842011838197533e-10 0.008943824870046658
u2b2_1700.png
6.459280937807197e-11 0.010377770009986714
u2b2_1710.png
2.2685973703445833e-10 0.01081667348111905
u2b2_1720.png
9.198580193523623e-11 0.010496482030056086
u2b2_1730.png
1.1499755444330457e-10 0.009730355488574908
u2b2_1740.png
1.920230030233973e-10 0.009408600467634197
u2b2_1750.png
1.098911443584045e-10 0.01009442784658866
u2b2_1760.png
1.4240666437747849e-10 0.010663227762545928
u2b2_1770.png
1.003436610538645e-10 0.010942159820113526
u2b2_1780.png
2.4542180554630186e-10 0.010868773732531856
u2b2_1790.png
1.2421196857735618e-06 3.3004982707123884e-06
u2b2_0180.png
8.895593232868091e-11 0.011574212356229864
u2b2_1800.png
1.8852592924064345e-10 0.011644679413794023
u2b2_1810.png
1.5608696114319905e-10 0.011699967381023583
u2b2_1820.png
3.541408389762659e-10 0.01168813046768832
u2b2_1830.png
5.071538929638331e-11 0.011565563062965611
u2b2_1840.png
2.3077008478328384e-10 0.011425201392281413
u2b2_1850.png
1.0928751981088956e-10 0.012174094330856143
u2b2_1860.png
2.1417276631744902e-10 0.012352543292905057
u2b2_1870.png
2.2118195971896753e-10 0.012935035950970125
u2b2_1880.png
2.1351594504455968e-10 0.013443484713024914
u2b2_1890.png
1.1977470706052523e-06 3.3833378621932707e-06
u2b2_0190.png
1.2203328135666864e-10 0.013122894684910348
u2b2_1900.png
9.31411208096997e-11 0.01698446996945464
u2b2_1910.png
1.1169312211845278e-10 0.022955526356072287
u2b2_1920.png
3.4490565416089e-10 0.029386332069295
u2b2_1930.png
6.994477806545817e-11 0.03302875698554298
u2b2_1940.png
9.345440498821911e-11 0.04291883051657078
u2b2_1950.png
1.235490322825845e-10 0.05070482785238416
u2b2_1960.png
2.0270805480893838e-10 0.05796654858628464
u2b2_1970.png
1.2688352700050063e-10 0.07894567731018484
u2b2_1980.png
2.9016755728318564e-10 0.09004045950913579
u2b2_1990.png
1.7787395287434385e-06 2.1593543975924433e-06
u2b2_0020.png
1.1556722665722305e-06 3.4619168855702997e-06
u2b2_0200.png
3.8642147370210597e-11 0.09754080679348387
u2b2_2000.png
1.2217308603497944e-10 0.10036671762970074
u2b2_2010.png
1.2078728053557446e-10 0.11023749779363204
u2b2_2020.png
3.4549226589894336e-10 0.13304616424162566
u2b2_2030.png
7.409959214501151e-11 0.17041406089193242
u2b2_2040.png
1.1323317194581203e-11 0.20600505074616599
u2b2_2050.png
1.4947562946088424e-10 0.19882134344068716
u2b2_2060.png
1.0095309130241514e-10 0.2159079488982109
u2b2_2070.png
8.031324829955717e-11 0.20009803969943202
u2b2_2080.png
2.5341606159979405e-10 0.18764368431020692
u2b2_2090.png
1.1160837104294931e-06 3.532758301893748e-06
u2b2_0210.png
1.2869181488315186e-10 0.1644257074834408
u2b2_2100.png
1.3136574272533011e-10 0.14129582944637525
u2b2_2110.png
8.829133236756381e-11 0.12347578987209205
u2b2_2120.png
3.364330571030282e-10 0.1312169804842216
u2b2_2130.png
1.4500075841583422e-10 0.1335637337022677
u2b2_2140.png
6.67650987661789e-11 0.13939818365175577
u2b2_2150.png
2.022108571475796e-11 0.1457155369867637
u2b2_2160.png
7.822215281823555e-12 0.14336523523557138
u2b2_2170.png
2.42332625810079e-10 0.14144549915746868
u2b2_2180.png
1.598456518954697e-10 0.1351287799738653
u2b2_2190.png
1.079025182825386e-06 3.61330409600241e-06
u2b2_0220.png
1.3064701070799139e-11 0.13723188726787894
u2b2_2200.png
2.369914778808843e-10 0.12332267936792742
u2b2_2210.png
1.699878595511961e-10 0.11683842591306218
u2b2_2220.png
2.2976096066116802e-10 0.10662846374649923
u2b2_2230.png
4.7074015221011586e-11 0.09815790031954594
u2b2_2240.png
9.435023051097412e-11 0.08926617337946205
u2b2_2250.png
1.4226358817769066e-10 0.07858624369237494
u2b2_2260.png
1.1149868120645009e-10 0.07207275822802263
u2b2_2270.png
2.636212080210003e-11 0.07319565189760198
u2b2_2280.png
2.602021444363886e-12 0.06792756306134842
u2b2_2290.png
1.0393143233466545e-06 3.6850101947887696e-06
u2b2_0230.png
1.5107711657610216e-10 0.06765251219879315
u2b2_2300.png
4.492165088176375e-11 0.06967719559354486
u2b2_2310.png
3.363287461784653e-10 0.08237870703660632
u2b2_2320.png
1.3408240202929703e-10 0.10451489765577222
u2b2_2330.png
7.091150861706569e-12 0.12837773430536212
u2b2_2340.png
4.506382667086677e-11 0.14285153277706472
u2b2_2350.png
1.6431342623511164e-10 0.15568872497394953
u2b2_2360.png
8.005043282980092e-11 0.16694657865206589
u2b2_2370.png
1.7769333936753933e-10 0.1830572722829503
u2b2_2380.png
1.200091730485399e-10 0.20252637179123673
u2b2_2390.png
9.925482095738336e-07 3.7632803851788217e-06
u2b2_0240.png
3.441896083549565e-10 0.18655023413492927
u2b2_2400.png
1.2629625025696207e-10 0.18790979868876095
u2b2_2410.png
2.7834685493962887e-10 0.20307721626421954
u2b2_2420.png
9.286022535363818e-11 0.21637111680855295
u2b2_2430.png
9.196849692595994e-11 0.27015344726325835
u2b2_2440.png
1.6217620804235594e-11 0.32800048217820343
u2b2_2450.png
1.3450894332653161e-10 0.44938413947136213
u2b2_2460.png
9.114696120075729e-11 0.535731566238066
u2b2_2470.png
7.264555574602846e-11 0.7128985029768724
u2b2_2480.png
3.7470377677183077e-10 0.7233159730444113
u2b2_2490.png
9.48840437710092e-07 3.834321871041814e-06
u2b2_0250.png
2.2706665898103846e-11 0.6876373554402009
u2b2_2500.png
6.816564820833264e-11 0.5026618712472521
u2b2_2510.png
1.2389277797155945e-10 0.40392424390376785
u2b2_2520.png
2.2679298160124355e-10 0.31587906340720756
u2b2_2530.png
2.216005011666515e-10 0.29693624819308667
u2b2_2540.png
6.359276057994783e-11 0.3036193004192308
u2b2_2550.png
7.870205213655548e-11 0.3549161022324823
u2b2_2560.png
9.201478605091636e-11 0.3611167356722452
u2b2_2570.png
1.6332862372766614e-11 0.4231482376622938
u2b2_2580.png
2.3268905837723578e-10 0.3654115988167662
u2b2_2590.png
9.083347314739628e-07 3.899741930823638e-06
u2b2_0260.png
2.5192589261365113e-10 0.33239612314930306
u2b2_2600.png
1.1755690225078965e-10 0.25721081411712743
u2b2_2610.png
9.902289500797771e-11 0.2610418982658033
u2b2_2620.png
5.903197212979757e-10 0.3164092883388004
u2b2_2630.png
2.805176414727177e-10 0.41965905328001274
u2b2_2640.png
4.753503526718433e-10 0.3262673989204334
u2b2_2650.png
3.480845847593933e-10 0.3344682853091917
u2b2_2660.png
4.78298369306642e-11 0.2875076041594999
u2b2_2670.png
4.788245336355032e-10 0.23059826190883737
u2b2_2680.png
5.223868138700671e-10 0.25336910331631296
u2b2_2690.png
8.705801192189525e-07 3.974667877755489e-06
u2b2_0270.png
3.7636822842246714e-10 0.26826167301842296
u2b2_2700.png
4.080089828551348e-10 0.25534317536028567
u2b2_2710.png
1.527766872926688e-10 0.2336689219032408
u2b2_2720.png
2.8437355777582673e-10 0.22943397564252088
u2b2_2730.png
1.9352264918136443e-10 0.2562047331457166
u2b2_2740.png
1.6077446481736908e-10 0.2718846754491762
u2b2_2750.png
8.499860214739234e-10 0.25335271487735456
u2b2_2760.png
1.9259748460817227e-10 0.25143802054679126
u2b2_2770.png
1.7992900806942123e-10 0.23472185210601199
u2b2_2780.png
6.043429911883642e-11 0.22730448437224887
u2b2_2790.png
8.361317832724328e-07 4.037478702099559e-06
u2b2_0280.png
1.2465971680305799e-10 0.28283536372823287
u2b2_2800.png
1.0863136541414963e-10 0.2887113298721859
u2b2_2810.png
7.162807189116236e-10 0.37490397666624975
u2b2_2820.png
2.564702975952188e-10 0.3932837241556492
u2b2_2830.png
2.2247161161300552e-10 0.3516364520078989
u2b2_2840.png
6.751976384755644e-10 0.291594606194222
u2b2_2850.png
6.133405098389986e-10 0.3644902065546923
u2b2_2860.png
5.815310196353992e-10 0.3099127652137308
u2b2_2870.png
3.198643305401176e-10 0.3365863651296177
u2b2_2880.png
1.5633595408110773e-10 0.3334675529559082
u2b2_2890.png
8.050618512893505e-07 4.121211705532341e-06
u2b2_0290.png
2.885293336847769e-10 0.3407108676746051
u2b2_2900.png
1.1053355645374339e-10 0.3518824126038841
u2b2_2910.png
8.333827288904966e-10 0.4791243222632616
u2b2_2920.png
7.957918609284623e-10 0.4604366898388281
u2b2_2930.png
5.468093791439149e-10 0.41690060958322306
u2b2_2940.png
1.0116802344149077e-09 0.49852701667554655
u2b2_2950.png
3.1105028826021493e-10 0.49197912506533115
u2b2_2960.png
4.821006124600524e-10 0.5018283522831203
u2b2_2970.png
1.3212727696628824e-09 0.5310954712423286
u2b2_2980.png
7.868775530939202e-10 0.5071581871514785
u2b2_2990.png
1.708551015962716e-06 2.2270325916579957e-06
u2b2_0030.png
7.772750867824092e-07 4.181550984344461e-06
u2b2_0300.png
5.793576646047147e-10 0.5027308887280092
u2b2_3000.png
1.9762024902967836e-10 0.48301042700922553
u2b2_3010.png
1.243942818983874e-10 0.4380392366312561
u2b2_3020.png
1.1982686198533718e-09 0.41170330606376077
u2b2_3030.png
1.0635248900888834e-09 0.42967151385258096
u2b2_3040.png
1.3292433186561334e-09 0.48427185301729964
u2b2_3050.png
2.745143691333827e-10 0.45869473971737806
u2b2_3060.png
7.337538817315142e-10 0.42945545341008773
u2b2_3070.png
2.8091762502730075e-10 0.3961039744760909
u2b2_3080.png
4.467826113574518e-10 0.3872266431486572
u2b2_3090.png
7.526425161190713e-07 4.274396681157383e-06
u2b2_0310.png
8.857498179184516e-10 0.4084453189525943
u2b2_3100.png
5.998677711133273e-10 0.4594941842726386
u2b2_3110.png
2.9760823354524864e-10 0.40858242179871623
u2b2_3120.png
3.3293057039152073e-10 0.3374429699449537
u2b2_3130.png
3.150084301608996e-10 0.34388754591611437
u2b2_3140.png
8.910390731335604e-10 0.36233751255662594
u2b2_3150.png
1.3425454229224464e-09 0.3773789473341945
u2b2_3160.png
1.3784580792626433e-09 0.3955879655420417
u2b2_3170.png
8.201596739298e-10 0.4287807946078076
u2b2_3180.png
1.278328811637202e-09 0.4567493595247143
u2b2_3190.png
7.309794421424022e-07 4.356906817651865e-06
u2b2_0320.png
9.895143632116026e-10 0.493272359025977
u2b2_3200.png
3.660139303475119e-09 0.4612156785003852
u2b2_3210.png
2.8405571657666926e-10 0.41452571238153924
u2b2_3220.png
2.90871036576608e-09 0.5869204626309206
u2b2_3230.png
7.773927559231885e-10 0.6847694897991059
u2b2_3240.png
1.3696976622386984e-09 0.7386127450915924
u2b2_3250.png
4.257191907962352e-10 0.798954604814072
u2b2_3260.png
1.490240851158412e-09 0.7989794087540035
u2b2_3270.png
1.1197339194691136e-10 0.840268067143559
u2b2_3280.png
8.006427957964897e-10 0.7273832483427827
u2b2_3290.png
7.117097945170539e-07 4.45439438115786e-06
u2b2_0330.png
1.2717727108506152e-09 0.5596982185069188
u2b2_3300.png
9.88386650187215e-10 0.40233031054866913
u2b2_3310.png
1.971920065946458e-09 0.3360099894146522
u2b2_3320.png
1.5545414565830387e-09 0.3635808673750607
u2b2_3330.png
2.0756468220725274e-09 0.3641032260341904
u2b2_3340.png
3.1608477098201815e-09 0.39180107590114754
u2b2_3350.png
8.580457637534772e-10 0.4659347263902715
u2b2_3360.png
1.4904296033615132e-09 0.4939625521671376
u2b2_3370.png
3.836745045168882e-09 0.5048657589213318
u2b2_3380.png
8.424083763002513e-10 0.5276576867502029
u2b2_3390.png
6.951263925668802e-07 4.547646739289535e-06
u2b2_0340.png
2.696325382178941e-09 0.6193735334376351
u2b2_3400.png
1.136108249525814e-09 0.7108883047340581
u2b2_3410.png
1.450244601100467e-09 0.7872453479521516
u2b2_3420.png
1.1202230810762114e-09 0.8308919632591196
u2b2_3430.png
8.613741612859833e-10 0.8796478945925668
u2b2_3440.png
1.5026069922511734e-09 0.8776606865222024
u2b2_3450.png
1.9547172096905516e-09 0.8566947521453732
u2b2_3460.png
5.207749702152517e-10 0.8124682893091857
u2b2_3470.png
5.319155733228894e-09 0.6601108406505753
u2b2_3480.png
4.289279794788524e-09 0.6270022054578319
u2b2_3490.png
6.809676588326344e-07 4.654022197970076e-06
u2b2_0350.png
1.4096185732443862e-09 0.5852926635606956
u2b2_3500.png
8.007509662650426e-10 0.5362465442821219
u2b2_3510.png
3.826396465467537e-09 0.5099908166979391
u2b2_3520.png
2.5104503936473553e-09 0.5121034521821058
u2b2_3530.png
2.089327344094871e-09 0.5367913991362636
u2b2_3540.png
2.366815751571674e-09 0.5913754443313092
u2b2_3550.png
4.2750455248517124e-09 0.5787886939645877
u2b2_3560.png
5.01072542802154e-09 0.6271747595551993
u2b2_3570.png
1.538400251973009e-10 0.591450115528125
u2b2_3580.png
2.5826905562762963e-09 0.5882887260449542
u2b2_3590.png
6.690718367224724e-07 4.771412352826764e-06
u2b2_0360.png
3.2667273763466694e-09 0.5575233138941831
u2b2_3600.png
1.8635158953607043e-09 0.4894261566997591
u2b2_3610.png
2.861654316912156e-09 0.4057877142182746
u2b2_3620.png
3.233282461005633e-09 0.4571666652575061
u2b2_3630.png
1.171102704420658e-09 0.5048515722654564
u2b2_3640.png
3.274711318590929e-09 0.4900983796953169
u2b2_3650.png
6.048041112027066e-10 0.4963676902442907
u2b2_3660.png
7.532715946974493e-09 0.5138624536563505
u2b2_3670.png
5.276446750792125e-09 0.5077236360088306
u2b2_3680.png
5.413555549445717e-09 0.5331945541772221
u2b2_3690.png
6.586815653156663e-07 4.851699642029175e-06
u2b2_0370.png
2.3392277771423346e-09 0.5152303600010897
u2b2_3700.png
4.944014583340982e-09 0.47022668610750057
u2b2_3710.png
4.794997929975192e-09 0.47451966125860723
u2b2_3720.png
1.5412781815367176e-09 0.47675214719482
u2b2_3730.png
2.146521478119531e-09 0.5260933980209718
u2b2_3740.png
4.759005764504166e-09 0.5932376135217583
u2b2_3750.png
1.732096461337432e-10 0.6293377416644564
u2b2_3760.png
1.1861640396484633e-09 0.6829231364170592
u2b2_3770.png
5.704571532982998e-09 0.6990526667421049
u2b2_3780.png
2.9898971118136513e-09 0.6765342080466886
u2b2_3790.png
6.497983899578811e-07 4.944224138845569e-06
u2b2_0380.png
6.13472181070011e-10 0.6342119895817696
u2b2_3800.png
7.021643462024012e-09 0.5708332572415742
u2b2_3810.png
3.88089165846761e-09 0.5052135907194981
u2b2_3820.png
5.247292897246927e-09 0.4664495001695228
u2b2_3830.png
4.324117047269772e-09 0.4478821424892234
u2b2_3840.png
3.98589492336239e-09 0.44381050764198954
u2b2_3850.png
5.4686653354278644e-09 0.4315506607193435
u2b2_3860.png
2.0416635325792376e-09 0.40697148812701783
u2b2_3870.png
5.183507701520304e-09 0.4229892388386909
u2b2_3880.png
3.675752031306064e-09 0.44474320306164916
u2b2_3890.png
6.42079621592215e-07 5.105862074386761e-06
u2b2_0390.png
4.844010489181094e-09 0.464979213419464
u2b2_3900.png
1.3896463471928496e-08 0.4588009073491688
u2b2_3910.png
8.967437070314824e-10 0.47866590736821185
u2b2_3920.png
4.4157303966580064e-09 0.46924007757802016
u2b2_3930.png
4.965184683899863e-09 0.47493411348141723
u2b2_3940.png
1.7222875375276122e-09 0.4728500531372894
u2b2_3950.png
2.9729160431100505e-09 0.45438263111082733
u2b2_3960.png
5.92982162042696e-09 0.4449702767989785
u2b2_3970.png
4.347258715123431e-09 0.4422147299296014
u2b2_3980.png
7.68718156915674e-09 0.45333961119679955
u2b2_3990.png
1.6518605455764383e-06 2.3010783600922547e-06
u2b2_0040.png
6.347022679136911e-07 5.256150355007642e-06
u2b2_0400.png
4.238955365002358e-09 0.4815379517617927
u2b2_4000.png
6.047591231953229e-09 0.4994118231328897
u2b2_4010.png
2.2018538611871754e-09 0.5177644134435025
u2b2_4020.png
1.7913876099398293e-09 0.5242927385770602
u2b2_4030.png
1.0460312689976944e-08 0.524663268546689
u2b2_4040.png
6.1718914225772685e-09 0.5131031999230433
u2b2_4050.png
6.713528328139433e-09 0.5045112005117132
u2b2_4060.png
1.3983832512825052e-08 0.48049425939093454
u2b2_4070.png
2.9000952922769605e-09 0.48052804667017995
u2b2_4080.png
7.501683686128274e-09 0.47305118514826117
u2b2_4090.png
6.277958793142998e-07 5.438258957716748e-06
u2b2_0410.png
5.087526349752788e-09 0.4706831422892031
u2b2_4100.png
3.3636150732633447e-09 0.45522998509855234
u2b2_4110.png
4.763441610295106e-09 0.4603709985158875
u2b2_4120.png
6.42408144752441e-09 0.45928509673364226
u2b2_4130.png
2.66562935106481e-09 0.46225159850074304
u2b2_4140.png
6.123173965713099e-09 0.45454546018619524
u2b2_4150.png
3.0395870913601628e-09 0.45429241286966615
u2b2_4160.png
2.6157940935002486e-09 0.4560188908206625
u2b2_4170.png
1.299068597999372e-08 0.4499251698296888
u2b2_4180.png
1.2070284818612778e-08 0.41845406915499894
u2b2_4190.png
6.222193855937474e-07 5.62710595899945e-06
u2b2_0420.png
2.3767541072404506e-09 0.374322089439355
u2b2_4200.png
1.769394594559967e-09 0.3701878800756045
u2b2_4210.png
9.531771653534127e-09 0.3452511898506765
u2b2_4220.png
3.864240860294475e-09 0.34180132434519717
u2b2_4230.png
8.823228596638558e-10 0.3209524975852482
u2b2_4240.png
9.484419007916848e-09 0.3074975674977526
u2b2_4250.png
8.4413098880852e-09 0.2976980375948112
u2b2_4260.png
4.604177564962747e-09 0.2904251481025364
u2b2_4270.png
1.162255154435464e-08 0.28610209623927374
u2b2_4280.png
5.907359518993131e-09 0.28368682626252073
u2b2_4290.png
6.17505955795936e-07 5.797069929168354e-06
u2b2_0430.png
7.973887842084041e-09 0.2915829518340777
u2b2_4300.png
1.4830144794236097e-08 0.3191061148822825
u2b2_4310.png
1.7157448878259847e-09 0.3363357002510205
u2b2_4320.png
2.547573029293217e-09 0.35712990844742587
u2b2_4330.png
1.0342537809386467e-08 0.37048115180170405
u2b2_4340.png
2.7761130403257182e-09 0.3781262288591597
u2b2_4350.png
6.687490860148405e-09 0.39565899861481635
u2b2_4360.png
5.4535490775000775e-09 0.40289743999642236
u2b2_4370.png
7.104192366465602e-09 0.41175265871496863
u2b2_4380.png
9.149193173309562e-09 0.4180457720212969
u2b2_4390.png
6.125578724398555e-07 5.9111956053217915e-06
u2b2_0440.png
4.640535830403218e-09 0.4222378880713738
u2b2_4400.png
7.708177349292646e-09 0.41895851076853663
u2b2_4410.png
1.1199295475184269e-08 0.4220847548359403
u2b2_4420.png
1.662309464980605e-09 0.4266547042032582
u2b2_4430.png
7.125642388503284e-10 0.42108653980824345
u2b2_4440.png
4.542454564662258e-09 0.41969293126678014
u2b2_4450.png
5.397867070842142e-09 0.41278520876547475
u2b2_4460.png
9.886060842555059e-09 0.4111525986351561
u2b2_4470.png
1.0335257228753412e-08 0.4076869195334079
u2b2_4480.png
8.88190378081809e-09 0.4113538182123204
u2b2_4490.png
6.074321845178289e-07 6.12736918016373e-06
u2b2_0450.png
7.861310814645246e-09 0.40961545648415126
u2b2_4500.png
1.5560193804554044e-09 0.40375260576692645
u2b2_4510.png
9.993801100387598e-09 0.4025286187505738
u2b2_4520.png
1.2677351415554772e-08 0.3989360199147782
u2b2_4530.png
6.364453083906946e-09 0.3924525474373427
u2b2_4540.png
6.9419222709186394e-09 0.39034916769696953
u2b2_4550.png
5.505461673047394e-09 0.37898871071847395
u2b2_4560.png
2.652567245589647e-09 0.37523525729592827
u2b2_4570.png
2.688592200668739e-09 0.36955684018608354
u2b2_4580.png
1.233228419698873e-08 0.3654202708791817
u2b2_4590.png
6.025964813423998e-07 6.3876568212535955e-06
u2b2_0460.png
6.39619562377859e-09 0.3595867479021704
u2b2_4600.png
2.372867335607932e-09 0.3578430883085743
u2b2_4610.png
5.726605568960715e-09 0.35243892516584946
u2b2_4620.png
1.8070145630681204e-09 0.3524469572776951
u2b2_4630.png
9.506845381637822e-09 0.34904729414215757
u2b2_4640.png
1.353035920787961e-08 0.3418354671432563
u2b2_4650.png
6.200714407350878e-09 0.33169302922284155
u2b2_4660.png
1.6808779100573067e-09 0.3193828084439712
u2b2_4670.png
2.8537560602426395e-09 0.3139984585379427
u2b2_4680.png
1.323990107989504e-08 0.30792859571810893
u2b2_4690.png
5.97878736785291e-07 6.651075008645852e-06
u2b2_0470.png
1.245458161484256e-08 0.299635140046307
u2b2_4700.png
1.8798923652153172e-08 0.29042668214374645
u2b2_4710.png
7.1004731908242966e-09 0.30920286905481403
u2b2_4720.png
1.054951264320274e-08 0.3248269113640921
u2b2_4730.png
9.98731339965278e-09 0.32928322818545286
u2b2_4740.png
1.2372009531598956e-08 0.33270782020019296
u2b2_4750.png
4.625978214928538e-09 0.32859765511305
u2b2_4760.png
1.798274591854245e-10 0.3276985014114409
u2b2_4770.png
2.3527181382227443e-08 0.3179331992354263
u2b2_4780.png
8.79322684418305e-09 0.30572296556698336
u2b2_4790.png
5.93012156282664e-07 6.936145385953394e-06
u2b2_0480.png
2.106068819321129e-08 0.29795317473040855
u2b2_4800.png
6.488131480976685e-09 0.2940657806235572
u2b2_4810.png
7.799631420007622e-09 0.2945994503923669
u2b2_4820.png
6.811363457745489e-09 0.288702907133551
u2b2_4830.png
1.833536284446462e-09 0.2807793430246367
u2b2_4840.png
4.404481446717925e-10 0.26371205706183215
u2b2_4850.png
1.0063584435478428e-08 0.2564437215740385
u2b2_4860.png
9.91382155962467e-10 0.2442417481447027
u2b2_4870.png
1.5142943313816365e-09 0.23320210227011462
u2b2_4880.png
6.831642809642218e-09 0.22098371720065305
u2b2_4890.png
5.820611840185581e-07 7.303828573042678e-06
u2b2_0490.png
4.315506080504073e-09 0.21866823225801657
u2b2_4900.png
6.853340095175277e-09 0.23114169589005706
u2b2_4910.png
5.251126027018314e-09 0.2505928260959592
u2b2_4920.png
3.6214368591063115e-09 0.26527331574477436
u2b2_4930.png
5.4530611639472145e-09 0.2738200072203567
u2b2_4940.png
2.6390866218993e-09 0.27634463016575694
u2b2_4950.png
1.0771403336766794e-08 0.2790681604200214
u2b2_4960.png
1.2384811369348504e-09 0.2890446054390007
u2b2_4970.png
8.309467581281302e-09 0.2900510981338228
u2b2_4980.png
1.3115828203679585e-08 0.2913810975794898
u2b2_4990.png
1.601511946710336e-06 2.371608675619203e-06
u2b2_0050.png
5.718469761965049e-07 7.885930439571343e-06
u2b2_0500.png
1.4167966273670264e-08 0.28781182520761417
u2b2_5000.png
5.628292586499022e-07 8.492020785135582e-06
u2b2_0510.png
5.547286905057933e-07 9.11268157301279e-06
u2b2_0520.png
5.447466587946615e-07 9.777865928020858e-06
u2b2_0530.png
5.36253425289826e-07 1.049189999841055e-05
u2b2_0540.png
5.2938359004924e-07 1.1221341857211826e-05
u2b2_0550.png
5.221951080236192e-07 1.1961051966517162e-05
u2b2_0560.png
5.146892116632226e-07 1.2703636540448164e-05
u2b2_0570.png
5.091419212539502e-07 1.34750623280017e-05
u2b2_0580.png
5.023282229534824e-07 1.4258341493943934e-05
u2b2_0590.png
1.572951976600791e-06 2.4390205096340936e-06
u2b2_0060.png
4.965733331117087e-07 1.503531847984495e-05
u2b2_0600.png
4.908447754193965e-07 1.5845292490393357e-05
u2b2_0610.png
4.843820075870561e-07 1.671892494064626e-05
u2b2_0620.png
4.805500049296226e-07 1.7570185865300235e-05
u2b2_0630.png
4.7353608011598296e-07 1.8492944319646057e-05
u2b2_0640.png
4.6900556779640505e-07 1.9533524867068486e-05
u2b2_0650.png
4.6510792986546647e-07 2.0540690409969036e-05
u2b2_0660.png
4.606986222743302e-07 2.220198472379365e-05
u2b2_0670.png
4.574298920339676e-07 2.408139566352923e-05
u2b2_0680.png
4.544831998249601e-07 2.6353959743889173e-05
u2b2_0690.png
1.5385699002875872e-06 2.5060276186496686e-06
u2b2_0070.png
4.5211677522253806e-07 2.901867765027868e-05
u2b2_0700.png
4.501142168199557e-07 3.239413355143267e-05
u2b2_0710.png
4.481209229624203e-07 3.640494149166349e-05
u2b2_0720.png
4.4691826842855923e-07 4.126535662057393e-05
u2b2_0730.png
4.4479166959103235e-07 4.711368522889828e-05
u2b2_0740.png
4.4447283418727614e-07 5.5568218840681166e-05
u2b2_0750.png
4.422951456828073e-07 6.902522478638141e-05
u2b2_0760.png
4.436859871988412e-07 8.546332207051901e-05
u2b2_0770.png
4.42796496162634e-07 0.00010523121353037167
u2b2_0780.png
4.4244043072807147e-07 0.00012878610344417741
u2b2_0790.png
1.5178049119636705e-06 2.565195993019901e-06
u2b2_0080.png
4.3803274214683597e-07 0.0001556214938446195
u2b2_0800.png
4.3068306137881995e-07 0.00018942004129680976
u2b2_0810.png
4.300426756321387e-07 0.0002279664664146118
u2b2_0820.png
4.2319361011311795e-07 0.00027121691588909396
u2b2_0830.png
4.165109588146101e-07 0.0003309052336240726
u2b2_0840.png
4.0836488388672233e-07 0.0003914407856776719
u2b2_0850.png
4.0109028310337097e-07 0.00046110597345877557
u2b2_0860.png
3.977427586864128e-07 0.0005544222872618555
u2b2_0870.png
3.949048627833397e-07 0.0006626752357204744
u2b2_0880.png
3.866957845032024e-07 0.0007876453903487017
u2b2_0890.png
1.4940031086296282e-06 2.6320469792132158e-06
u2b2_0090.png
3.8310533388187354e-07 0.0009276126693173975
u2b2_0900.png
3.7691105298104416e-07 0.0010785661177195552
u2b2_0910.png
3.710484083411584e-07 0.0012444803557253024
u2b2_0920.png
3.6163869435277125e-07 0.0014467990021615792
u2b2_0930.png
3.52019793410466e-07 0.001667416517630499
u2b2_0940.png
3.4328733426534103e-07 0.0018858543648309618
u2b2_0950.png
3.3278273564958815e-07 0.0020970614177214545
u2b2_0960.png
3.256634491184643e-07 0.0022885626916669638
u2b2_0970.png
3.233897212163343e-07 0.002443695750700409
u2b2_0980.png
3.1599329664459287e-07 0.0026118661840607103
u2b2_0990.png
ffmpeg version 6.0 Copyright (c) 2000-2023 the FFmpeg developers
  built with gcc 12.3.0 (conda-forge gcc 12.3.0-0)
  configuration: --prefix=/burg/home/bog2101/.conda/envs/spectralDNS --cc=/home/conda/feedstock_root/build_artifacts/ffmpeg_1687154882217/_build_env/bin/x86_64-conda-linux-gnu-cc --cxx=/home/conda/feedstock_root/build_artifacts/ffmpeg_1687154882217/_build_env/bin/x86_64-conda-linux-gnu-c++ --nm=/home/conda/feedstock_root/build_artifacts/ffmpeg_1687154882217/_build_env/bin/x86_64-conda-linux-gnu-nm --ar=/home/conda/feedstock_root/build_artifacts/ffmpeg_1687154882217/_build_env/bin/x86_64-conda-linux-gnu-ar --disable-doc --disable-openssl --enable-demuxer=dash --enable-hardcoded-tables --enable-libfreetype --enable-libfontconfig --enable-libopenh264 --enable-libdav1d --enable-gnutls --enable-libmp3lame --enable-libvpx --enable-libass --enable-pthreads --enable-vaapi --enable-gpl --enable-libx264 --enable-libx265 --enable-libaom --enable-libsvtav1 --enable-libxml2 --enable-pic --enable-shared --disable-static --enable-version3 --enable-zlib --enable-libopus --pkg-config=/home/conda/feedstock_root/build_artifacts/ffmpeg_1687154882217/_build_env/bin/pkg-config
  libavutil      58.  2.100 / 58.  2.100
  libavcodec     60.  3.100 / 60.  3.100
  libavformat    60.  3.100 / 60.  3.100
  libavdevice    60.  1.100 / 60.  1.100
  libavfilter     9.  3.100 /  9.  3.100
  libswscale      7.  1.100 /  7.  1.100
  libswresample   4. 10.100 /  4. 10.100
  libpostproc    57.  1.100 / 57.  1.100
Input #0, image2, from 'u2b2*.png':
  Duration: 00:00:16.67, start: 0.000000, bitrate: N/A
  Stream #0:0: Video: png, rgba(pc), 1000x600 [SAR 3937:3937 DAR 5:3], 30 fps, 30 tbr, 30 tbn
Stream mapping:
  Stream #0:0 -> #0:0 (png (native) -> h264 (libx264))
Press [q] to stop, [?] for help
[libx264 @ 0x5555555d9a80] using SAR=1/1
[libx264 @ 0x5555555d9a80] using cpu capabilities: MMX2 SSE2Fast SSSE3 SSE4.2 AVX FMA3 BMI2 AVX2 AVX512
[libx264 @ 0x5555555d9a80] profile High, level 3.1, 4:2:0, 8-bit
[libx264 @ 0x5555555d9a80] 264 - core 164 r3095 baee400 - H.264/MPEG-4 AVC codec - Copyleft 2003-2022 - http://www.videolan.org/x264.html - options: cabac=1 ref=3 deblock=1:0:0 analyse=0x3:0x113 me=hex subme=7 psy=1 psy_rd=1.00:0.00 mixed_ref=1 me_range=16 chroma_me=1 trellis=1 8x8dct=1 cqm=0 deadzone=21,11 fast_pskip=1 chroma_qp_offset=-2 threads=3 lookahead_threads=1 sliced_threads=0 nr=0 decimate=1 interlaced=0 bluray_compat=0 constrained_intra=0 bframes=3 b_pyramid=2 b_adapt=1 b_bias=0 direct=1 weightb=1 open_gop=0 weightp=2 keyint=250 keyint_min=25 scenecut=40 intra_refresh=0 rc_lookahead=40 rc=crf mbtree=1 crf=23.0 qcomp=0.60 qpmin=0 qpmax=69 qpstep=4 ip_ratio=1.40 aq=1:1.00
Output #0, mp4, to 'u2b2.mp4':
  Metadata:
    encoder         : Lavf60.3.100
  Stream #0:0: Video: h264 (avc1 / 0x31637661), yuv420p(tv, progressive), 1000x600 [SAR 1:1 DAR 5:3], q=2-31, 30 fps, 15360 tbn
    Metadata:
      encoder         : Lavc60.3.100 libx264
    Side data:
      cpb: bitrate max/min/avg: 0/0/0 buffer size: 0 vbv_delay: N/A
frame=    0 fps=0.0 q=0.0 size=       0kB time=-577014:32:22.77 bitrate=  -0.0kbits/s speed=N/A    frame=    0 fps=0.0 q=0.0 size=       0kB time=-577014:32:22.77 bitrate=  -0.0kbits/s speed=N/A    frame=   33 fps= 33 q=29.0 size=       0kB time=00:00:01.03 bitrate=   0.4kbits/s speed=1.03x    frame=   82 fps= 54 q=29.0 size=       0kB time=00:00:02.66 bitrate=   0.1kbits/s speed=1.76x    frame=  125 fps= 62 q=29.0 size=       0kB time=00:00:04.10 bitrate=   0.1kbits/s speed=2.02x    frame=  161 fps= 64 q=29.0 size=     256kB time=00:00:05.30 bitrate= 395.8kbits/s speed= 2.1x    frame=  197 fps= 65 q=29.0 size=     256kB time=00:00:06.50 bitrate= 322.7kbits/s speed=2.14x    frame=  232 fps= 65 q=29.0 size=     512kB time=00:00:07.66 bitrate= 547.1kbits/s speed=2.16x    frame=  264 fps= 65 q=29.0 size=     512kB time=00:00:08.73 bitrate= 480.3kbits/s speed=2.15x    frame=  294 fps= 64 q=29.0 size=     768kB time=00:00:09.73 bitrate= 646.4kbits/s speed=2.13x    frame=  324 fps= 64 q=29.0 size=    1024kB time=00:00:10.73 bitrate= 781.6kbits/s speed=2.11x    frame=  353 fps= 63 q=29.0 size=    1280kB time=00:00:11.70 bitrate= 896.3kbits/s speed=2.09x    frame=  383 fps= 63 q=29.0 size=    1536kB time=00:00:12.70 bitrate= 990.8kbits/s speed=2.08x    frame=  413 fps= 62 q=29.0 size=    1792kB time=00:00:13.70 bitrate=1071.6kbits/s speed=2.07x    frame=  446 fps= 63 q=29.0 size=    2048kB time=00:00:14.80 bitrate=1133.6kbits/s speed=2.08x    frame=  500 fps= 66 q=-1.0 Lsize=    2305kB time=00:00:16.56 bitrate=1139.6kbits/s speed=2.19x    
video:2298kB audio:0kB subtitle:0kB other streams:0kB global headers:0kB muxing overhead: 0.279463%
[libx264 @ 0x5555555d9a80] frame I:2     Avg QP:20.22  size: 21749
[libx264 @ 0x5555555d9a80] frame P:168   Avg QP:25.99  size:  8714
[libx264 @ 0x5555555d9a80] frame B:330   Avg QP:29.80  size:  2561
[libx264 @ 0x5555555d9a80] consecutive B-frames: 10.8%  2.8%  2.4% 84.0%
[libx264 @ 0x5555555d9a80] mb I  I16..4: 19.2% 66.4% 14.3%
[libx264 @ 0x5555555d9a80] mb P  I16..4:  2.0%  5.7%  0.8%  P16..4: 13.9% 11.8%  6.0%  0.0%  0.0%    skip:59.8%
[libx264 @ 0x5555555d9a80] mb B  I16..4:  0.0%  0.2%  0.0%  B16..8: 14.6%  3.8%  0.9%  direct: 1.3%  skip:79.2%  L0:27.3% L1:38.0% BI:34.7%
[libx264 @ 0x5555555d9a80] 8x8 transform intra:67.6% inter:84.5%
[libx264 @ 0x5555555d9a80] coded y,uvDC,uvAC intra: 49.3% 74.2% 61.8% inter: 7.7% 11.8% 4.2%
[libx264 @ 0x5555555d9a80] i16 v,h,dc,p: 65% 17%  2% 17%
[libx264 @ 0x5555555d9a80] i8 v,h,dc,ddl,ddr,vr,hd,vl,hu: 26% 12% 15%  5% 10%  9% 10%  7%  7%
[libx264 @ 0x5555555d9a80] i4 v,h,dc,ddl,ddr,vr,hd,vl,hu: 24% 20% 12%  5% 13%  9% 10%  5%  4%
[libx264 @ 0x5555555d9a80] i8c dc,h,v,p: 38% 17% 33% 12%
[libx264 @ 0x5555555d9a80] Weighted P-Frames: Y:0.0% UV:0.0%
[libx264 @ 0x5555555d9a80] ref P L0: 69.6% 17.4%  8.9%  4.1%
[libx264 @ 0x5555555d9a80] ref B L0: 96.7%  2.5%  0.8%
[libx264 @ 0x5555555d9a80] ref B L1: 99.3%  0.7%
[libx264 @ 0x5555555d9a80] kb/s:1129.32
Wed Jun 28 09:54:42 EDT 2023
